------------------------------------------------------------------------------------------------------------
      name:  <unnamed>
       log:  /shared/share_amit-patrick/globaltradewar/GTW_replication_CHECK/code/logs//chars.log
  log type:  text
 opened on:  18 Oct 2023, 19:08:36

. 
. *Read GDP data
. use "$processed/country_gdp",clear

.         rename gdp* c_gdp*

.         replace c_gdp = (543.08e9+590.73e9+609.02e9)/3 if cty_iso3=="TWN" //2016-18 current prices for TWN
>  from IMF 
(1 real change made)

.         // (https://www.imf.org/external/datamapper/NGDPD@WEO/TWN?zoom=TWN&highlight=TWN) // Taiwan cite
. 
. 
. *GDP data from UNCTAD for small countries that are not in WB data
. preserve

.         import excel "$raw/unctad/unctad_gdp_current.xlsx", firstrow cellrange("A5:AY227") clear
(51 vars, 222 obs)

.         drop if _n == 1
(1 observation deleted)

.         keep YEAR AV AW AX

.         rename (YEAR AV AW AX) (cty_name gdp2016 gdp2017 gdp2018)

.         destring gdp*, replace ignore("_")
gdp2016: character _ removed; replaced as double
(13 missing values generated)
gdp2017: character _ removed; replaced as double
(13 missing values generated)
gdp2018: character _ removed; replaced as double
(13 missing values generated)

.         egen gdp_ = rowmean(gdp*)
(13 missing values generated)

.         drop gdp2016 gdp2017 gdp2018

.         replace cty_name = trim(cty_name)
(221 real changes made)

.         replace cty_name = "Democratic People's Republic of Korea" if cty_name == "Korea, Dem. People's Re
> p. of"
(1 real change made)

.         replace cty_name = "Syria" if cty_name == "Syrian Arab Republic"
(1 real change made)

.         replace cty_name = "Venezuela" if cty_name == "Venezuela (Bolivarian Rep. of)"
(1 real change made)

.         replace gdp_ = gdp*10^6
(208 real changes made)

.         rename gdp_ c_gdp_

.         tempfile x

.         save `x'
file /tmp/7227862.1.debian.q/St03636.000002 saved as .dta format

.         
.         import excel "$raw/unctad/unctad_gdppc_current.xlsx", firstrow cellrange("A5:AY227") clear
(51 vars, 222 obs)

.         drop if _n == 1
(1 observation deleted)

.         keep YEAR AV AW AX

.         rename (YEAR AV AW AX) (cty_name gdppc2016 gdppc2017 gdppc2018)

.         destring gdp*, replace ignore("_")
gdppc2016: character _ removed; replaced as double
(13 missing values generated)
gdppc2017: character _ removed; replaced as double
(13 missing values generated)
gdppc2018: character _ removed; replaced as double
(13 missing values generated)

.         egen gdppc_ = rowmean(gdp*)
(13 missing values generated)

.         drop gdppc2016 gdppc2017 gdppc2018

.         replace cty_name = trim(cty_name)
(221 real changes made)

.         replace cty_name = "Democratic People's Republic of Korea" if cty_name == "Korea, Dem. People's Re
> p. of"
(1 real change made)

.         replace cty_name = "Syria" if cty_name == "Syrian Arab Republic"
(1 real change made)

.         replace cty_name = "Venezuela" if cty_name == "Venezuela (Bolivarian Rep. of)"
(1 real change made)

.         merge 1:1 cty_name using `x', nogen

    Result                      Number of obs
    -----------------------------------------
    Not matched                             0
    Matched                               221  
    -----------------------------------------

.         rename gdppc_ c_gdppc_

.         tempfile gdp

.         save `gdp'
file /tmp/7227862.1.debian.q/St03636.000003 saved as .dta format

. restore

. 
. 
. *merge FDI/DB data
. preserve

. 
.         /*
>         import excel "$raw/wb_db/Historical-data---COMPLETE-dataset-with-scores.xlsx", sheet("All data") c
> ellrange(A4:GQ3770) firstrow clear
>         rename *,lower
>         keep if inrange(dbyear,2014,2017)
>         rename scoretradingacrossbordersdb sc_trade_db16
>         rename countrycode iso3
>         collapse (mean) sc_trade_db16, by(iso3)
>         rename sc_trade_db16 db_trade
>         keep iso3 db_trade
>         rename db_trade c_dbtrade
>         tempfile db
>         save `db'
>         */
. 
.         use "$processed/cty_FDI_stock",clear

.         egen FDI = rowmean(stock*)
(1 missing value generated)

.         collapse (mean) FDI, by(iso3)

.         rename FDI c_fdi

.         tempfile fdi

.         save `fdi'
file /tmp/7227862.1.debian.q/St03636.000005 saved as .dta format

. restore

. 
. *Merge data on trade agreements from Mattoo et al. 2020
. preserve

.         use "$raw/deeptrade/trade_by_provisions", clear
(Written by R.              )

.                 keep iso3 exports exports_provision_x imports imports_provision_x

.                 g deeptrade = (imports_provision_x + exports_provision_x)/(imports+exports)

.                 keep iso3 deeptrade

.                 rename deeptrade c_deeptrade

.                 tempfile deeptrade

.         save `deeptrade'
file /tmp/7227862.1.debian.q/St03636.000007 saved as .dta format

. restore

. 
. *Merge GDP
. cap g iso3 = cty_iso3

. merge m:1 cty_name using `gdp', keep(master match) nogen keepusing(c_gdp*)

    Result                      Number of obs
    -----------------------------------------
    Not matched                            77
        from master                        77  
        from using                          0  

    Matched                               182  
    -----------------------------------------

. replace c_gdp = c_gdp_ if mi(c_gdp)
(0 real changes made)

. replace c_gdppc = c_gdppc_ if mi(c_gdppc)
(0 real changes made)

. drop c_gdp_ c_gdppc_ 

. 
. *Merge FDI, trade agreements
. *merge m:1 iso3 using `db', keep(master match) nogen !!!
. merge m:1 iso3 using `fdi', keep(master match) nogen

    Result                      Number of obs
    -----------------------------------------
    Not matched                            66
        from master                        66  
        from using                          0  

    Matched                               193  
    -----------------------------------------

. merge m:1 iso3 using `deeptrade', keep(master match) nogen

    Result                      Number of obs
    -----------------------------------------
    Not matched                           105
        from master                       105  
        from using                          0  

    Matched                               154  
    -----------------------------------------

. drop iso3

. 
. *Merge with distances to US and China
. merge m:1 cty_iso3 using "$processed/cty_distances_US_CN", keep(master match) nogen

    Result                      Number of obs
    -----------------------------------------
    Not matched                            50
        from master                        50  
        from using                          0  

    Matched                               209  
    -----------------------------------------

. foreach v of varlist dist* {
  2.         replace `v' = `v' / 1000
  3. }
(209 real changes made)
(195 real changes made)
(209 real changes made)
(195 real changes made)

. rename dist* c_dist*

. 
. *Rename
. rename c_dist_us c_distus

. rename c_dist_ch c_distch

. 
. *Standardize variables
. foreach v of varlist c_* {
  2.         sum `v'
  3.         replace `v' = (`v' - r(mean))/r(sd)
  4. }

    Variable |        Obs        Mean    Std. dev.       Min        Max
-------------+---------------------------------------------------------
       c_gdp |        259    2.60e+12    8.84e+12   4.50e+07   8.15e+13
(259 real changes made)

    Variable |        Obs        Mean    Std. dev.       Min        Max
-------------+---------------------------------------------------------
   c_gdp_ppp |        242    4.59e+12    1.40e+13   4.58e+07   1.23e+14
(242 real changes made)

    Variable |        Obs        Mean    Std. dev.       Min        Max
-------------+---------------------------------------------------------
     c_gdppc |        259    17511.98    28659.27   239.5818     250600
(259 real changes made)

    Variable |        Obs        Mean    Std. dev.       Min        Max
-------------+---------------------------------------------------------
 c_gdppc_ppp |        242    20379.06    20854.17   758.5413   122284.6
(242 real changes made)

    Variable |        Obs        Mean    Std. dev.       Min        Max
-------------+---------------------------------------------------------
       c_fdi |        193    128193.3    308220.4   1.00e-05    1844417
(193 real changes made)

    Variable |        Obs        Mean    Std. dev.       Min        Max
-------------+---------------------------------------------------------
 c_deeptrade |        154    .3858319    .2924445          0   .8752453
(154 real changes made)

    Variable |        Obs        Mean    Std. dev.       Min        Max
-------------+---------------------------------------------------------
    c_distus |        209     8.65666    3.773903   .5483946   21.60346
(209 real changes made)

    Variable |        Obs        Mean    Std. dev.       Min        Max
-------------+---------------------------------------------------------
  c_distw_us |        196    9.361007    3.560053          0   16.46565
(196 real changes made)

    Variable |        Obs        Mean    Std. dev.       Min        Max
-------------+---------------------------------------------------------
    c_distch |        209    9.021233    3.838136   .9556511   19.29747
(209 real changes made)

    Variable |        Obs        Mean    Std. dev.       Min        Max
-------------+---------------------------------------------------------
  c_distw_ch |        196     9.12322    3.953031          0   19.11013
(196 real changes made)

. 
. *Generate ISO variables
. g iso = cty_iso3

. g iso3 = cty_iso3 

. 
. *Save   
. compress        
  variable cty_iso3 was str4 now str3
  variable cty_name was str72 now str46
  (6,993 bytes saved)

. save "$processed/chars",replace
file /shared/share_amit-patrick/globaltradewar/GTW_replication_CHECK/data/processed//chars.dta saved

. 
. 
. 
end of do-file

.         
. *** Main build
.         do "$code/build.do"                                     // Creates datasets used in analysis    

. /**************************************************
> The US-China Trade War and Global Reallocations
> Fajgelbaum, Goldberg, Kennedy, Khandelwal, and Taglioni
> July 2023
> *** Main data build
> **************************************************/
. 
. clear all

. set more off 

. 
. *Set directories
. do "$code/00_directories.do"

. /**************************************************
> The US-China Trade War and Global Reallocations
> Fajgelbaum, Goldberg, Kennedy, Khandelwal, and Taglioni
> July 2023
> *** Set directories
> **************************************************/
. 
. // Set root directory
. global db               "/shared/share_amit-patrick/globaltradewar/GTW_replication_CHECK/" // replace this
>  line with your root directory

. 
. // All other paths set automatically
. global code             "${db}code/"

. global logs             "${db}code/logs/"

. global raw              "${db}data/raw/"

. global tmp              "${db}data/tmp/"

. global processed        "${db}data/processed/" 

. global results          "${db}results/" 

. 
. // Set scheme
. cap net install scheme-modern, from("https://raw.githubusercontent.com/mdroste/stata-scheme-modern/master/
> ")

. set scheme modern, perm
(set scheme preference recorded)

. 
. 
end of do-file

. 
. *Log file
. cap log close
