------------------------------------------------------------------------------------------------------------
      name:  <unnamed>
       log:  /shared/share_amit-patrick/globaltradewar/GTW_replication_CHECK/code/logs//china_weight_hs10.lo
> g
  log type:  text
 opened on:  18 Oct 2023, 18:48:49

. 
. *******************
. *** Imports
. *******************
. 
. use * if inrange(year,2015,2017) & cty_name=="CHINA" ///
>         using "$raw/census_trade/m_flow_hs10_fm",clear

. 
. *Sum up total trade over all countries within product
. gegen tot = sum(m_val), by(hs6)

. 
. *Compute variety total within HS6 product
. gegen c   = sum(m_val), by(hs10 cty_code)

. 
. *Compute country market share within product
. g m_cty_weight_hs6   = c/tot

. 
. *Collapse to variety level
. gcollapse m_cty_weight_hs6, by(hs10 hs6 cty_code)

. 
. *Label
. label var m_cty_weight_hs6 "Pre-war weight of variety within total HS6 imports"

. 
. *Check
. drop if mi(cty_code, hs10, hs6)         
(0 observations deleted)

. gegen checkm = sum(m_cty_weight), by(hs6)
warning: gegen is NOT parsing the expression 'm_cty_weight' by group.
To parse this expression by group, call gegen using the -by:- prefix.

. sum checkm 

    Variable |        Obs        Mean    Std. dev.       Min        Max
-------------+---------------------------------------------------------
      checkm |     16,546           1    1.51e-08          1          1

. assert inrange(r(mean),0.999,1.001)

. drop check

. gisid hs10 cty_code

. 
. *Save
. compress
  (0 bytes saved)

. save "$tmp/china_weight_hs6_m", replace
(file /shared/share_amit-patrick/globaltradewar/GTW_replication_CHECK/data/tmp//china_weight_hs6_m.dta not
    found)
file /shared/share_amit-patrick/globaltradewar/GTW_replication_CHECK/data/tmp//china_weight_hs6_m.dta
    saved

. 
. *******************
. *** Exports
. *******************     
. 
. use * if inrange(year,2015,2017) & cty_name=="CHINA" ///
>         using "$raw/census_trade/x_flow_hs10_fm",clear

. 
. *Sum up total trade over all countries within product   
. gegen tot = sum(x_val), by(hs6)

. 
. *Compute variety total within product   
. gegen c   = sum(x_val), by(hs10 cty_code)

. 
. *Compute country market share within product    
. g x_cty_weight_hs6   = c/tot

. 
. *Collapse to variety level
. gcollapse x_cty_weight_hs6, by(hs10 hs6 cty_code)

. 
. *Label
. label var x_cty_weight_hs6 "Pre-war weight of variety within total HS6 exports"

. 
. *Check 
. drop if mi(cty_code, hs10, hs6) 
(0 observations deleted)

. gegen checkx = sum(x_cty_weight), by(hs6)
warning: gegen is NOT parsing the expression 'x_cty_weight' by group.
To parse this expression by group, call gegen using the -by:- prefix.

. sum checkx

    Variable |        Obs        Mean    Std. dev.       Min        Max
-------------+---------------------------------------------------------
      checkx |      8,148           1    1.31e-08          1          1

. assert inrange(r(mean),0.999,1.001)     

. drop check

. gisid hs10 cty_code     

. 
. *Save
. compress
  (0 bytes saved)

. save "$tmp/china_weight_hs6_x", replace
(file /shared/share_amit-patrick/globaltradewar/GTW_replication_CHECK/data/tmp//china_weight_hs6_x.dta not
    found)
file /shared/share_amit-patrick/globaltradewar/GTW_replication_CHECK/data/tmp//china_weight_hs6_x.dta
    saved

. 
. *Merge them
. use "$tmp/china_weight_hs6_m", clear

. merge 1:1 hs10 cty_code using "$tmp/china_weight_hs6_x", nogen

    Result                      Number of obs
    -----------------------------------------
    Not matched                        15,674
        from master                    12,036  
        from using                      3,638  

    Matched                             4,510  
    -----------------------------------------

. gsort hs10 cty_code

. 
. *Check
. gisid cty_code hs10

. 
. *Save
. compress
  (0 bytes saved)

. save "$processed/china_weight_hs6", replace
file /shared/share_amit-patrick/globaltradewar/GTW_replication_CHECK/data/processed//china_weight_hs6.dta
    saved

. 
. exit

end of do-file

.         do "$code/z_usch.do"                                    // US tariffs on China  

. /**************************************************************************************
> The US-China Trade War and Global Reallocations
> Fajgelbaum, Goldberg, Kennedy, Khandelwal, and Taglioni
> July 2023
> * US tariffs on China
> **************************************************************************************/
. 
. clear all

. set more off 

. 
. *Set directories
. do "$code/00_directories.do"

. /**************************************************
> The US-China Trade War and Global Reallocations
> Fajgelbaum, Goldberg, Kennedy, Khandelwal, and Taglioni
> July 2023
> *** Set directories
> **************************************************/
. 
. // Set root directory
. global db               "/shared/share_amit-patrick/globaltradewar/GTW_replication_CHECK/" // replace this
>  line with your root directory

. 
. // All other paths set automatically
. global code             "${db}code/"

. global logs             "${db}code/logs/"

. global raw              "${db}data/raw/"

. global tmp              "${db}data/tmp/"

. global processed        "${db}data/processed/" 

. global results          "${db}results/" 

. 
. // Set scheme
. cap net install scheme-modern, from("https://raw.githubusercontent.com/mdroste/stata-scheme-modern/master/
> ")

. set scheme modern, perm
(set scheme preference recorded)

. 
. 
end of do-file

. 
. *Log
. cap log close
