------------------------------------------------------------------------------------------------------------
      name:  <unnamed>
       log:  /shared/share_amit-patrick/globaltradewar/GTW_replication_CHECK/code/logs/clean_tradecomtrade.l
> og
  log type:  text
 opened on:  18 Oct 2023, 18:31:53

. 
. *Append raw comtrade files (HS 2012 codes)
. clear

. forval t=2014/2019 {
  2.         append using "$raw/comtrade/`t'.dta"
  3. }

. 
. *Rename vars 
. rename commoditycode hs6

. rename (partneriso partnercode reporteriso reportercode) (partner_iso3 partner reporter_iso3 reporter)

. rename (imports_q exports_q imports_v exports_v) (import_quantity export_quantity import_value export_valu
> e)

. 
. *Scale trade flows
. replace import_v = import_v/10^6
(53,872,939 real changes made)

. replace export_v = export_v/10^6
(48,120,504 real changes made)

. 
. *Save
. compress
  (0 bytes saved)

. save "$processed/global_trade_hs6_ct_consistent_hs12.dta", replace
file
    /shared/share_amit-patrick/globaltradewar/GTW_replication_CHECK/data/processed//global_trade_hs6_ct_co
    > nsistent_hs12.dta saved

. 
. **********************************
. *** Save list of partner names
. **********************************
. 
. *REad file
. u * if year>=2016 using "$processed/global_trade_hs6_ct_consistent_hs12.dta", clear

. 
. *Get partner names
. gcollapse (sum) imp* exp*, by(partner) fast

. duplicates drop partner, force

Duplicates in terms of partner

(0 observations are duplicates)

. keep partner

. 
. *Merging country code partner_cd (exporter)
. rename partner iso_code

. preserve

.         import delimited "$raw/wb_country_groups/iso_codes.csv", varnames(1) clear
(encoding automatically selected: ISO-8859-1)
(9 vars, 293 obs)

.         keep iso3digitalpha ctycode ctyfullnameenglish endvalidyear

.         rename (iso3digitalpha ctycode ctyfullnameenglish) (iso3 iso_code cty_name)

.         gisid iso3 iso_code

.         tempfile iso

.         save `iso'
file /tmp/7227862.1.debian.q/St03636.000002 saved as .dta format

. restore

. merge m:1 iso_code using `iso', keep(master match) keepusing(iso3 cty_name)

    Result                      Number of obs
    -----------------------------------------
    Not matched                             1
        from master                         1  (_merge==1)
        from using                          0  (_merge==2)

    Matched                               245  (_merge==3)
    -----------------------------------------

. replace iso_code = 642 if iso_code == 946
(0 real changes made)

. rename iso3 cty_iso3

. drop _m

. drop if cty_iso3 == "NULL"
(11 observations deleted)

. drop if cty_name == ""
(1 observation deleted)

. drop if iso_code == 736 // "former sudan"
(0 observations deleted)

. 
. *Save
. compress
  variable cty_iso3 was str4 now str3
  variable cty_name was str72 now str46
  (6,318 bytes saved)

. save "$processed/global_trade_hs6_ct_hs12_partnerlist", replace
file
    /shared/share_amit-patrick/globaltradewar/GTW_replication_CHECK/data/processed//global_trade_hs6_ct_hs
    > 12_partnerlist.dta saved

. 
. cap log close
