------------------------------------------------------------------------------------------------------------
      name:  <unnamed>
       log:  /shared/share_amit-patrick/globaltradewar/GTW_replication_CHECK/code/logs//cty_rank.log
  log type:  text
 opened on:  18 Oct 2023, 18:32:51

. 
. *Global data
. use * if inrange(year,2015,2017) & partner_iso3!="WLD" using "$processed/global_trade_hs6_ct_consistent_hs
> 12.dta",clear

. 
. *Drop 
. drop if reporter==partner
(85,111 observations deleted)

. 
. *Aggregate by country
. gcollapse (sum) v=import_value, by(partner) fast

. 
. *Merge with country codes
. gen iso_code = partner

. merge m:1 iso_code using "$processed/iso_codes.dta", keep(master match) nogen keepusing(iso3 cty_name)

    Result                      Number of obs
    -----------------------------------------
    Not matched                             1
        from master                         1  
        from using                          0  

    Matched                               243  
    -----------------------------------------

. rename iso3 cty_iso3

. cap g partner_name = upper(cty_name)

. cap replace cty_name = partner_name if cty_name == ""

. drop if (mi(cty_name) | mi(partner)) & partner_name!="UNITED STATES"
(1 observation deleted)

. 
. *Drop duplicate code for Sudan
. drop if partner==736
(0 observations deleted)

. 
. *Compute rank
. gsort -v

. g rank = _n

. drop v

. 
. *Check
. gisid partner

. drop if cty_iso3 == "NULL"
(11 observations deleted)

. 
. *Save
. compress
  variable iso_code was float now int
  variable rank was float now int
  variable cty_iso3 was str4 now str3
  variable cty_name was str72 now str46
  variable partner_name was str72 now str46
  (13,224 bytes saved)

. save "$processed/cty_rank2", replace
file /shared/share_amit-patrick/globaltradewar/GTW_replication_CHECK/data/processed//cty_rank2.dta saved

. 
end of do-file

. 
. *** Tariffs
.         do "$code/china_weight.do"                              // Weights for US tariffs on China to coll
> apse from HS10 to HS6 

. /**************************************************************************************
> The US-China Trade War and Global Reallocations
> Fajgelbaum, Goldberg, Kennedy, Khandelwal, and Taglioni
> July 2023
> * Compute pre-war trade weights used to collapse US trade data from HS10 to HS6
> **************************************************************************************/
. 
. clear all

. set more off 

. 
. *Set directories
. do "$code/00_directories.do"

. /**************************************************
> The US-China Trade War and Global Reallocations
> Fajgelbaum, Goldberg, Kennedy, Khandelwal, and Taglioni
> July 2023
> *** Set directories
> **************************************************/
. 
. // Set root directory
. global db               "/shared/share_amit-patrick/globaltradewar/GTW_replication_CHECK/" // replace this
>  line with your root directory

. 
. // All other paths set automatically
. global code             "${db}code/"

. global logs             "${db}code/logs/"

. global raw              "${db}data/raw/"

. global tmp              "${db}data/tmp/"

. global processed        "${db}data/processed/" 

. global results          "${db}results/" 

. 
. // Set scheme
. cap net install scheme-modern, from("https://raw.githubusercontent.com/mdroste/stata-scheme-modern/master/
> ")

. set scheme modern, perm
(set scheme preference recorded)

. 
. 
end of do-file

. 
. *Log
. cap log close
