
. 
. *Read file
. u id cty_iso3 country hs6 hs4 hs2 t *_wd *_wd_lag dl*_wd dl*_wd_lag dlz_usch dlz_chus d
> lz_usi dlz_chrw ind9  ///
>         dl*_us dl*_ch dl*_us_lag dl*_ch_lag dl*_rw dl*_rw_lag v_rw v_us v_ch ///
>         using "$processed/data5", clear

. 
. *China exports to US var and vice versa
. g x = dlv_us if cty_iso3=="CHN"
(756,901 missing values generated)

. gegen dlv_usch = max(x), by(hs6)

. g xx = dlv_ch if cty_iso3=="USA"
(757,356 missing values generated)

. gegen dlv_chus = max(xx), by(hs6)

. drop x xx

. 
. *Separate trade by source (not by destination)
. g iso = cty_iso3

. replace v_rw = v_wd if !inlist(iso,"USA","CHN")
(418,814 real changes made)

. replace v_us = v_wd if iso=="USA"
(15,603 real changes made)

. replace v_ch = v_wd if iso=="CHN"
(15,585 real changes made)

. g usch = inlist(iso,"USA","CHN")

. 
. *Assign tariff change in post-period to pre-period to run pre-trend test
. foreach v of varlist dlz* {
  2.         gegen x = max(`v'), by(hs6)
  3.         replace `v' = x
  4.         drop x
  5. }
(437,680 real changes made)
(437,813 real changes made)
(108,687 real changes made)
(97,529 real changes made)

. 
. *Variety-level FE
. gegen cs = group(iso ind9)

. 
. *Set panel
. tsset id t 

Panel variable: id (unbalanced)
 Time variable: t, -1 to 1, but with gaps
         Delta: 1 unit

. 
. *Quantiles of exports in pre-period by country-sector 
. gquantiles x = v_wd if t==0, by(cs) xtile nq(10)

. gegen q = max(x), by(id)

. drop x

. 
. *set figure headers
. local panela "{bf:Panel A}" "China's Export Value to US"

. local panelb "{bf:Panel B}" "US Export Value to China"

. local panelc "{bf:Panel A}" "Bystanders' Export Value to US"

. local paneld "{bf:Panel B}" "Bystanders' Export Value to China"

. local panele "{bf:Panel C}" "Bystanders' Export Value to RW"

. local panelf "{bf:Panel D}" "Bystanders' Export Value to RW"

. 
. *Binscatter: US imports from China on USCH tariff
.         
.         *Raw data
.         eststo usch_t0_fe0: reghdfe dlv_us dlz_usch if iso=="CHN" & t==0, noab
(MWFE estimator converged in 1 iterations)

HDFE Linear regression                            Number of obs   =      4,478
Absorbing 1 HDFE group                            F(   1,   4476) =       0.19
                                                  Prob > F        =     0.6651
                                                  R-squared       =     0.0000
                                                  Adj R-squared   =    -0.0002
                                                  Within R-sq.    =     0.0000
                                                  Root MSE        =     0.9458

------------------------------------------------------------------------------
      dlv_us | Coefficient  Std. err.      t    P>|t|     [95% conf. interval]
-------------+----------------------------------------------------------------
    dlz_usch |    -.12465   .2879769    -0.43   0.665    -.6892269    .4399269
       _cons |  -.0018757   .0289935    -0.06   0.948    -.0587173     .054966
------------------------------------------------------------------------------

.                 estadd local c1 "No"

added macro:
                 e(c1) : "No"

.                 local R = string(e(r2),"%9.2fc")

.                 estadd local R2 "`R'"

added macro:
                 e(R2) : "0.00"

.         local b_pre = string(_b[dlz_usch],"%9.2f")

.         local se_pre = string(_se[dlz_usch],"%9.2f")

.         eststo usch_t1_fe0: reghdfe dlv_us dlz_usch if iso=="CHN" & t==1, noab
(MWFE estimator converged in 1 iterations)

HDFE Linear regression                            Number of obs   =      4,456
Absorbing 1 HDFE group                            F(   1,   4454) =      24.63
                                                  Prob > F        =     0.0000
                                                  R-squared       =     0.0055
                                                  Adj R-squared   =     0.0053
                                                  Within R-sq.    =     0.0055
                                                  Root MSE        =     0.8865

------------------------------------------------------------------------------
      dlv_us | Coefficient  Std. err.      t    P>|t|     [95% conf. interval]
-------------+----------------------------------------------------------------
    dlz_usch |  -1.342283   .2704403    -4.96   0.000    -1.872481   -.8120862
       _cons |   .0978617   .0272256     3.59   0.000     .0444859    .1512375
------------------------------------------------------------------------------

.                 estadd local c1 "No"

added macro:
                 e(c1) : "No"

.                 local R = string(e(r2),"%9.2fc")

.                 estadd local R2 "`R'"

added macro:
                 e(R2) : "0.01"

.         local b_post = string(_b[dlz_usch],"%9.2f")

.         local se_post = string(_se[dlz_usch],"%9.2f")           

.         binscatter dlv_us dlz_usch if iso=="CHN", by(t) ///
>                 legend(order(1 "2015-17" 2 "2017-19") pos(12) row(1) ring(1) size(medsm
> all)) ///
>                 xtitle("{&Delta} ln T(US,CH)", size(medsmall)) ytitle("{&Delta}ln X(US,
> CH)", size(medsmall)) ///
>                 title("`panela'") ///
>                 note("Pre-period: {&beta}=`b_pre' (`se_pre'). Post-period: {&beta}=`b_p
> ost' (`se_post').", ///
>                      size(small) pos(7) ring(1) justification(left)) ///
>                      colors(gs10 navy) ms(Oh Di) ysc(titlegap(*-25))  ///
>                      xlabel(,labsize(medsmall)) ylabel(,labsize(medsmall))
(note:  named style Di not found in class symbol, default attributes used)

.         graph save "$tmp/g1a.gph", replace
file /Users/mehmettugsuz/Downloads/The US-China Trade War and Global Reallocations  GTW_r
> eplication/data/tmp//g1a.gph saved

. 
. *Binscatter: China imports from US on CHUS tariff
. 
.         *Raw data
.         eststo chus_t0_fe0: reghdfe dlv_ch dlz_chus if iso=="USA" & t==0, noab 
(MWFE estimator converged in 1 iterations)

HDFE Linear regression                            Number of obs   =      4,246
Absorbing 1 HDFE group                            F(   1,   4244) =      16.52
                                                  Prob > F        =     0.0000
                                                  R-squared       =     0.0039
                                                  Adj R-squared   =     0.0036
                                                  Within R-sq.    =     0.0039
                                                  Root MSE        =     1.4683

------------------------------------------------------------------------------
      dlv_ch | Coefficient  Std. err.      t    P>|t|     [95% conf. interval]
-------------+----------------------------------------------------------------
    dlz_chus |   1.867465   .4594965     4.06   0.000     .9666115    2.768319
       _cons |  -.2224992   .0536476    -4.15   0.000    -.3276766   -.1173218
------------------------------------------------------------------------------

.                 estadd local c1 "No"

added macro:
                 e(c1) : "No"

.                 local R = string(e(r2),"%9.2fc")

.                 estadd local R2 "`R'"

added macro:
                 e(R2) : "0.00"

.         local b_pre = string(_b[dlz_chus],"%9.2f")

.         local se_pre = string(_se[dlz_chus],"%9.2f")

.         eststo chus_t1_fe0: reghdfe dlv_ch dlz_chus if iso=="USA" & t==1, noab 
(MWFE estimator converged in 1 iterations)

HDFE Linear regression                            Number of obs   =      4,233
Absorbing 1 HDFE group                            F(   1,   4231) =      51.16
                                                  Prob > F        =     0.0000
                                                  R-squared       =     0.0119
                                                  Adj R-squared   =     0.0117
                                                  Within R-sq.    =     0.0119
                                                  Root MSE        =     1.3337

------------------------------------------------------------------------------
      dlv_ch | Coefficient  Std. err.      t    P>|t|     [95% conf. interval]
-------------+----------------------------------------------------------------
    dlz_chus |    -2.9827   .4170032    -7.15   0.000    -3.800245   -2.165155
       _cons |   .3235686   .0487955     6.63   0.000     .2279037    .4192334
------------------------------------------------------------------------------

.                 estadd local c1 "No"

added macro:
                 e(c1) : "No"

.                 local R = string(e(r2),"%9.2fc")

.                 estadd local R2 "`R'"

added macro:
                 e(R2) : "0.01"

.         local b_post = string(_b[dlz_chus],"%9.2f")

.         local se_post = string(_se[dlz_chus],"%9.2f")   

.         binscatter dlv_ch dlz_chus if iso=="USA", by(t) ///
>                 legend(order(1 "2015-17" 2 "2017-19") pos(12) row(1) ring(1) size(medsm
> all)) ///
>                 xtitle("{&Delta} ln T(CH,US)", size(medsmall)) ytitle("{&Delta}ln X(CH,
> US)", size(medsmall)) ///
>                 title("`panelb'") ///
>                 note("Pre-period: {&beta}=`b_pre' (`se_pre'). Post-period: {&beta}=`b_p
> ost' (`se_post').", ///
>                      size(small) pos(7) ring(1) justification(left)) ///
>                       colors(gs10 navy) ms(Oh Di)  ///
>                      xlabel(,labsize(medsmall)) ylabel(,labsize(medsmall))
(note:  named style Di not found in class symbol, default attributes used)

.         graph save "$tmp/g2a.gph", replace
file /Users/mehmettugsuz/Downloads/The US-China Trade War and Global Reallocations  GTW_r
> eplication/data/tmp//g2a.gph saved

. 
. *Binscatter: RW exports to US on USCH tariff
. 
.         *Raw data
.         eststo rwus_usch_t0_fe0: reghdfe dlv_us dlz_usch if !usch & t==0, noab cluster(
> hs6)
(MWFE estimator converged in 1 iterations)

HDFE Linear regression                            Number of obs   =    100,883
Absorbing 1 HDFE group                            F(   1,   5086) =       3.72
Statistics robust to heteroskedasticity           Prob > F        =     0.0537
                                                  R-squared       =     0.0001
                                                  Adj R-squared   =     0.0000
                                                  Within R-sq.    =     0.0001
Number of clusters (hs6)     =      5,087         Root MSE        =     1.3142

                                (Std. err. adjusted for 5,087 clusters in hs6)
------------------------------------------------------------------------------
             |               Robust
      dlv_us | Coefficient  std. err.      t    P>|t|     [95% conf. interval]
-------------+----------------------------------------------------------------
    dlz_usch |  -.1873242    .097059    -1.93   0.054    -.3776017    .0029532
       _cons |   .0670028   .0095206     7.04   0.000     .0483384    .0856673
------------------------------------------------------------------------------

.                 estadd local c1 "No"

added macro:
                 e(c1) : "No"

.                 local R = string(e(r2),"%9.2fc")

.                 estadd local R2 "`R'"

added macro:
                 e(R2) : "0.00"

.         local b_pre = string(_b[dlz_usch],"%9.2f")

.         local se_pre = string(_se[dlz_usch],"%9.2f")

. 
.         eststo rwus_usch_t1_fe0: reghdfe dlv_us dlz_usch if !usch & t==1, noab cluster(
> hs6)
(MWFE estimator converged in 1 iterations)

HDFE Linear regression                            Number of obs   =    102,903
Absorbing 1 HDFE group                            F(   1,   5081) =      10.75
Statistics robust to heteroskedasticity           Prob > F        =     0.0010
                                                  R-squared       =     0.0002
                                                  Adj R-squared   =     0.0001
                                                  Within R-sq.    =     0.0002
Number of clusters (hs6)     =      5,082         Root MSE        =     1.2919

                                (Std. err. adjusted for 5,082 clusters in hs6)
------------------------------------------------------------------------------
             |               Robust
      dlv_us | Coefficient  std. err.      t    P>|t|     [95% conf. interval]
-------------+----------------------------------------------------------------
    dlz_usch |   .3135904    .095629     3.28   0.001     .1261164    .5010644
       _cons |   .0944668   .0093289    10.13   0.000     .0761782    .1127554
------------------------------------------------------------------------------

.                 estadd local c1 "No"

added macro:
                 e(c1) : "No"

.                 local R = string(e(r2),"%9.2fc")

.                 estadd local R2 "`R'"

added macro:
                 e(R2) : "0.00"

.         local b_post = string(_b[dlz_usch],"%9.2f")

.         local se_post = string(_se[dlz_usch],"%9.2f")

. 
.         binscatter dlv_us dlz_usch if !usch, by(t)  ///
>                 legend(order(1 "2015-17" 2 "2017-19") pos(12) row(1) ring(1) size(medsm
> all)) ///
>                 xtitle("{&Delta} ln T(US,CH)", size(medsmall)) ytitle("{&Delta}ln X(US,
> i)", size(medsmall)) ///
>                 title("`panelc'") ///
>                 note("Pre-period: {&beta}=`b_pre' (`se_pre'). Post-period: {&beta}=`b_p
> ost' (`se_post').", ///
>                      size(small) pos(7) ring(1) justification(left)) ///
>                       colors(gs10 navy) ms(Oh Di)  ///
>                      xlabel(,labsize(medsmall)) ylabel(,labsize(medsmall))
(note:  named style Di not found in class symbol, default attributes used)

.         graph save "$tmp/g3a.gph", replace
file /Users/mehmettugsuz/Downloads/The US-China Trade War and Global Reallocations  GTW_r
> eplication/data/tmp//g3a.gph saved

.         
.         *With fixed effects 
.         eststo rwus_usch_t0_fe1: reghdfe dlv_us dlz_usch if !usch & t==0, a(cs) cluster
> (hs6)
(dropped 1 singleton observations)
(MWFE estimator converged in 1 iterations)

HDFE Linear regression                            Number of obs   =    100,882
Absorbing 1 HDFE group                            F(   1,   5086) =       1.35
Statistics robust to heteroskedasticity           Prob > F        =     0.2456
                                                  R-squared       =     0.0115
                                                  Adj R-squared   =     0.0072
                                                  Within R-sq.    =     0.0000
Number of clusters (hs6)     =      5,087         Root MSE        =     1.3094

                                (Std. err. adjusted for 5,087 clusters in hs6)
------------------------------------------------------------------------------
             |               Robust
      dlv_us | Coefficient  std. err.      t    P>|t|     [95% conf. interval]
-------------+----------------------------------------------------------------
    dlz_usch |  -.1245955   .1072848    -1.16   0.246    -.3349199    .0857289
       _cons |   .0616341   .0104909     5.88   0.000     .0410674    .0822007
------------------------------------------------------------------------------

Absorbed degrees of freedom:
-----------------------------------------------------+
 Absorbed FE | Categories  - Redundant  = Num. Coefs |
-------------+---------------------------------------|
          cs |       429           0         429     |
-----------------------------------------------------+

.                 estadd local c1 "Yes"

added macro:
                 e(c1) : "Yes"

.                 local R = string(e(r2),"%9.2fc")

.                 estadd local R2 "`R'"

added macro:
                 e(R2) : "0.01"

.         local b_pre = string(_b[dlz_usch],"%9.2f")

.         local se_pre = string(_se[dlz_usch],"%9.2f")

.         eststo rwus_usch_t1_fe1: reghdfe dlv_us dlz_usch if !usch & t==1, a(cs) cluster
> (hs6)
(dropped 2 singleton observations)
(MWFE estimator converged in 1 iterations)

HDFE Linear regression                            Number of obs   =    102,901
Absorbing 1 HDFE group                            F(   1,   5081) =       3.61
Statistics robust to heteroskedasticity           Prob > F        =     0.0574
                                                  R-squared       =     0.0147
                                                  Adj R-squared   =     0.0106
                                                  Within R-sq.    =     0.0001
Number of clusters (hs6)     =      5,082         Root MSE        =     1.2851

                                (Std. err. adjusted for 5,082 clusters in hs6)
------------------------------------------------------------------------------
             |               Robust
      dlv_us | Coefficient  std. err.      t    P>|t|     [95% conf. interval]
-------------+----------------------------------------------------------------
    dlz_usch |   .2007801   .1056294     1.90   0.057    -.0062989    .4078592
       _cons |   .1041264   .0100568    10.35   0.000     .0844108     .123842
------------------------------------------------------------------------------

Absorbed degrees of freedom:
-----------------------------------------------------+
 Absorbed FE | Categories  - Redundant  = Num. Coefs |
-------------+---------------------------------------|
          cs |       428           0         428     |
-----------------------------------------------------+

.                 estadd local c1 "Yes"

added macro:
                 e(c1) : "Yes"

.                 local R = string(e(r2),"%9.2fc")

.                 estadd local R2 "`R'"

added macro:
                 e(R2) : "0.01"

.         local b_post = string(_b[dlz_usch],"%9.2f")

.         local se_post = string(_se[dlz_usch],"%9.2f")   

.         binscatter dlv_us dlz_usch if !usch, by(t) absorb(cs) ///
>                 legend(order(1 "2015-17" 2 "2017-19") pos(12) row(1) ring(1) size(medsm
> all)) ///
>                 xtitle("{&Delta} ln T(US,CH)", size(medsmall)) ytitle("{&Delta}ln X(US,
> i)", size(medsmall)) ///
>                 title("`panelc'") ///
>                 note("Pre-period: {&beta}=`b_pre' (`se_pre'). Post-period: {&beta}=`b_p
> ost' (`se_post').", ///
>                      size(small) pos(7) ring(1) justification(left)) ///
>                     colors(gs10 navy) ms(Oh Di)  ///
>                      xlabel(,labsize(medsmall)) ylabel(,labsize(medsmall))
(note:  named style Di not found in class symbol, default attributes used)

.         graph save "$tmp/g3b.gph", replace
file /Users/mehmettugsuz/Downloads/The US-China Trade War and Global Reallocations  GTW_r
> eplication/data/tmp//g3b.gph saved

. 
. *Binscatter: RW exports to CH on CHUS tariff
. 
.         *Raw data
.         eststo rwch_chus_t0_fe0: reghdfe dlv_ch dlz_chus if !usch & t==0, noab cluster(
> hs6)
(MWFE estimator converged in 1 iterations)

HDFE Linear regression                            Number of obs   =     88,050
Absorbing 1 HDFE group                            F(   1,   4792) =       0.17
Statistics robust to heteroskedasticity           Prob > F        =     0.6800
                                                  R-squared       =     0.0000
                                                  Adj R-squared   =    -0.0000
                                                  Within R-sq.    =     0.0000
Number of clusters (hs6)     =      4,793         Root MSE        =     1.8311

                                (Std. err. adjusted for 4,793 clusters in hs6)
------------------------------------------------------------------------------
             |               Robust
      dlv_ch | Coefficient  std. err.      t    P>|t|     [95% conf. interval]
-------------+----------------------------------------------------------------
    dlz_chus |   .0737332   .1787615     0.41   0.680    -.2767214    .4241879
       _cons |  -.0042029   .0199429    -0.21   0.833    -.0433001    .0348943
------------------------------------------------------------------------------

.                 estadd local c1 "No"

added macro:
                 e(c1) : "No"

.                 local R = string(e(r2),"%9.2fc")

.                 estadd local R2 "`R'"

added macro:
                 e(R2) : "0.00"

.         local b_pre = string(_b[dlz_chus],"%9.2f")

.         local se_pre = string(_se[dlz_chus],"%9.2f")

. 
.         eststo rwch_chus_t1_fe0: reghdfe dlv_ch dlz_chus if !usch & t==1, noab cluster(
> hs6)
(MWFE estimator converged in 1 iterations)

HDFE Linear regression                            Number of obs   =     90,128
Absorbing 1 HDFE group                            F(   1,   4775) =       0.00
Statistics robust to heteroskedasticity           Prob > F        =     0.9781
                                                  R-squared       =     0.0000
                                                  Adj R-squared   =    -0.0000
                                                  Within R-sq.    =     0.0000
Number of clusters (hs6)     =      4,776         Root MSE        =     1.8471

                                (Std. err. adjusted for 4,776 clusters in hs6)
------------------------------------------------------------------------------
             |               Robust
      dlv_ch | Coefficient  std. err.      t    P>|t|     [95% conf. interval]
-------------+----------------------------------------------------------------
    dlz_chus |   .0051714   .1886732     0.03   0.978    -.3647151    .3750578
       _cons |   .1718932   .0206863     8.31   0.000     .1313385    .2124479
------------------------------------------------------------------------------

.                 estadd local c1 "No"

added macro:
                 e(c1) : "No"

.                 local R = string(e(r2),"%9.2fc")

.                 estadd local R2 "`R'"

added macro:
                 e(R2) : "0.00"

.         local b_post = string(_b[dlz_chus],"%9.2f")

.         local se_post = string(_se[dlz_chus],"%9.2f")

. 
.         *plot
.         binscatter dlv_ch dlz_chus if !usch, by(t)  ///
>                 legend(order(1 "2015-17" 2 "2017-19") pos(12) row(1) ring(1) size(medsm
> all)) ///
>                 xtitle("{&Delta} ln T(CH,US)", size(medsmall)) ytitle("{&Delta}ln X(CH,
> i)", size(medsmall)) ///
>                 title("`paneld'") ///
>                 note("Pre-period: {&beta}=`b_pre' (`se_pre'). Post-period: {&beta}=`b_p
> ost' (`se_post').", ///
>                      size(small) pos(7) ring(1) justification(left)) ///
>                      colors(gs10 navy) ms(Oh Di)  ///
>                      xlabel(,labsize(medsmall)) ylabel(,labsize(medsmall))
(note:  named style Di not found in class symbol, default attributes used)

.         graph save "$tmp/g4a.gph", replace      
file /Users/mehmettugsuz/Downloads/The US-China Trade War and Global Reallocations  GTW_r
> eplication/data/tmp//g4a.gph saved

.         
.         *With fixed effects 
.         eststo rwch_chus_t0_fe1: reghdfe dlv_ch dlz_chus if !usch & t==0, a(cs) cluster
> (hs6)
(MWFE estimator converged in 1 iterations)

HDFE Linear regression                            Number of obs   =     88,050
Absorbing 1 HDFE group                            F(   1,   4792) =       0.00
Statistics robust to heteroskedasticity           Prob > F        =     0.9456
                                                  R-squared       =     0.0163
                                                  Adj R-squared   =     0.0115
                                                  Within R-sq.    =     0.0000
Number of clusters (hs6)     =      4,793         Root MSE        =     1.8205

                                (Std. err. adjusted for 4,793 clusters in hs6)
------------------------------------------------------------------------------
             |               Robust
      dlv_ch | Coefficient  std. err.      t    P>|t|     [95% conf. interval]
-------------+----------------------------------------------------------------
    dlz_chus |  -.0121717   .1782398    -0.07   0.946    -.3616036    .3372601
       _cons |   .0048426   .0199803     0.24   0.809    -.0343278    .0440131
------------------------------------------------------------------------------

Absorbed degrees of freedom:
-----------------------------------------------------+
 Absorbed FE | Categories  - Redundant  = Num. Coefs |
-------------+---------------------------------------|
          cs |       432           0         432     |
-----------------------------------------------------+

.                 estadd local c1 "Yes"

added macro:
                 e(c1) : "Yes"

.                 local R = string(e(r2),"%9.2fc")

.                 estadd local R2 "`R'"

added macro:
                 e(R2) : "0.02"

.         local b_pre = string(_b[dlz_chus],"%9.2f")

.         local se_pre = string(_se[dlz_chus],"%9.2f")

.         eststo rwch_chus_t1_fe1: reghdfe dlv_ch dlz_chus if !usch & t==1, a(cs) cluster
> (hs6)
(MWFE estimator converged in 1 iterations)

HDFE Linear regression                            Number of obs   =     90,128
Absorbing 1 HDFE group                            F(   1,   4775) =       0.11
Statistics robust to heteroskedasticity           Prob > F        =     0.7441
                                                  R-squared       =     0.0160
                                                  Adj R-squared   =     0.0112
                                                  Within R-sq.    =     0.0000
Number of clusters (hs6)     =      4,776         Root MSE        =     1.8367

                                (Std. err. adjusted for 4,776 clusters in hs6)
------------------------------------------------------------------------------
             |               Robust
      dlv_ch | Coefficient  std. err.      t    P>|t|     [95% conf. interval]
-------------+----------------------------------------------------------------
    dlz_chus |  -.0644084   .1973049    -0.33   0.744    -.4512169    .3224001
       _cons |   .1792226   .0215856     8.30   0.000     .1369049    .2215403
------------------------------------------------------------------------------

Absorbed degrees of freedom:
-----------------------------------------------------+
 Absorbed FE | Categories  - Redundant  = Num. Coefs |
-------------+---------------------------------------|
          cs |       432           0         432     |
-----------------------------------------------------+

.                 estadd local c1 "Yes"

added macro:
                 e(c1) : "Yes"

.                 local R = string(e(r2),"%9.2fc")

.                 estadd local R2 "`R'"

added macro:
                 e(R2) : "0.02"

.         local b_post = string(_b[dlz_chus],"%9.2f")

.         local se_post = string(_se[dlz_chus],"%9.2f")   

.         binscatter dlv_ch dlz_chus if !usch, absorb(cs) by(t)  ///
>                 legend(order(1 "2015-17" 2 "2017-19") pos(12) row(1) ring(1) size(medsm
> all)) ///
>                 xtitle("{&Delta} ln T(CH,US)", size(medsmall)) ytitle("{&Delta}ln X(CH,
> i)", size(medsmall)) ///
>                 title("`paneld'") ///
>                 note("Pre-period: {&beta}=`b_pre' (`se_pre'). Post-period: {&beta}=`b_p
> ost' (`se_post').", ///
>                      size(small) pos(7) ring(1) justification(left)) ///
>                        colors(gs10 navy) ms(Oh Di)  ///
>                      xlabel(,labsize(medsmall)) ylabel(,labsize(medsmall))
(note:  named style Di not found in class symbol, default attributes used)

.         graph save "$tmp/g4b.gph", replace
file /Users/mehmettugsuz/Downloads/The US-China Trade War and Global Reallocations  GTW_r
> eplication/data/tmp//g4b.gph saved

. 
. *Binscatter: RW exports to RW on USCH tariff
. 
.         *Raw data
.         eststo rwrw_usch_t0_fe0: reghdfe dlv_rw dlz_usch if !usch & t==0, noab cluster(
> hs6)
(MWFE estimator converged in 1 iterations)

HDFE Linear regression                            Number of obs   =    224,664
Absorbing 1 HDFE group                            F(   1,   5202) =       3.11
Statistics robust to heteroskedasticity           Prob > F        =     0.0778
                                                  R-squared       =     0.0000
                                                  Adj R-squared   =     0.0000
                                                  Within R-sq.    =     0.0000
Number of clusters (hs6)     =      5,203         Root MSE        =     1.4680

                                (Std. err. adjusted for 5,203 clusters in hs6)
------------------------------------------------------------------------------
             |               Robust
      dlv_rw | Coefficient  std. err.      t    P>|t|     [95% conf. interval]
-------------+----------------------------------------------------------------
    dlz_usch |  -.1363351   .0773024    -1.76   0.078    -.2878803    .0152101
       _cons |  -.0661372   .0079728    -8.30   0.000    -.0817673   -.0505071
------------------------------------------------------------------------------

.                 estadd local c1 "No"

added macro:
                 e(c1) : "No"

.                 local R = string(e(r2),"%9.2fc")

.                 estadd local R2 "`R'"

added macro:
                 e(R2) : "0.00"

.         local b_pre = string(_b[dlz_usch],"%9.2f")

.         local se_pre = string(_se[dlz_usch],"%9.2f")

. 
.         eststo rwrw_usch_t1_fe0: reghdfe dlv_rw dlz_usch if !usch & t==1, noab cluster(
> hs6)
(MWFE estimator converged in 1 iterations)

HDFE Linear regression                            Number of obs   =    223,556
Absorbing 1 HDFE group                            F(   1,   5202) =       6.70
Statistics robust to heteroskedasticity           Prob > F        =     0.0096
                                                  R-squared       =     0.0001
                                                  Adj R-squared   =     0.0000
                                                  Within R-sq.    =     0.0001
Number of clusters (hs6)     =      5,203         Root MSE        =     1.4460

                                (Std. err. adjusted for 5,203 clusters in hs6)
------------------------------------------------------------------------------
             |               Robust
      dlv_rw | Coefficient  std. err.      t    P>|t|     [95% conf. interval]
-------------+----------------------------------------------------------------
    dlz_usch |   .1952989   .0754257     2.59   0.010     .0474329     .343165
       _cons |   .0381176   .0081988     4.65   0.000     .0220446    .0541907
------------------------------------------------------------------------------

.                 estadd local c1 "No"

added macro:
                 e(c1) : "No"

.                 local R = string(e(r2),"%9.2fc")

.                 estadd local R2 "`R'"

added macro:
                 e(R2) : "0.00"

.         local b_post = string(_b[dlz_usch],"%9.2f")

.         local se_post = string(_se[dlz_usch],"%9.2f")

. 
.         binscatter dlv_rw dlz_usch if !usch, by(t)  ///
>                 legend(order(1 "2015-17" 2 "2017-19") pos(12) row(1) ring(1) size(medsm
> all)) ///
>                 xtitle("{&Delta} ln T(US,CH)", size(medsmall)) ytitle("{&Delta}ln X(RW,
> i)", size(medsmall)) ///
>                 title("`panele'") ///
>                 note("Pre-period: {&beta}=`b_pre' (`se_pre'). Post-period: {&beta}=`b_p
> ost' (`se_post').", ///
>                      size(small) pos(7) ring(1) justification(left)) ///
>                      colors(gs10 navy) ms(Oh Di)  ///
>                      xlabel(,labsize(medsmall)) ylabel(,labsize(medsmall))
(note:  named style Di not found in class symbol, default attributes used)

.         graph save "$tmp/g5a.gph", replace
file /Users/mehmettugsuz/Downloads/The US-China Trade War and Global Reallocations  GTW_r
> eplication/data/tmp//g5a.gph saved

.         
.         *With fixed effects 
.         eststo rwrw_usch_t0_fe1: reghdfe dlv_rw dlz_usch if !usch & t==0, a(cs) cluster
> (hs6)
(MWFE estimator converged in 1 iterations)

HDFE Linear regression                            Number of obs   =    224,664
Absorbing 1 HDFE group                            F(   1,   5202) =       0.00
Statistics robust to heteroskedasticity           Prob > F        =     0.9604
                                                  R-squared       =     0.0128
                                                  Adj R-squared   =     0.0109
                                                  Within R-sq.    =     0.0000
Number of clusters (hs6)     =      5,203         Root MSE        =     1.4600

                                (Std. err. adjusted for 5,203 clusters in hs6)
------------------------------------------------------------------------------
             |               Robust
      dlv_rw | Coefficient  std. err.      t    P>|t|     [95% conf. interval]
-------------+----------------------------------------------------------------
    dlz_usch |  -.0042554    .085629    -0.05   0.960    -.1721242    .1636135
       _cons |  -.0768741   .0084708    -9.08   0.000    -.0934805   -.0602678
------------------------------------------------------------------------------

Absorbed degrees of freedom:
-----------------------------------------------------+
 Absorbed FE | Categories  - Redundant  = Num. Coefs |
-------------+---------------------------------------|
          cs |       432           0         432     |
-----------------------------------------------------+

.                 estadd local c1 "Yes"

added macro:
                 e(c1) : "Yes"

.                 local R = string(e(r2),"%9.2fc")

.                 estadd local R2 "`R'"

added macro:
                 e(R2) : "0.01"

.         local b_pre = string(_b[dlz_usch],"%9.2f")

.         local se_pre = string(_se[dlz_usch],"%9.2f")

.         eststo rwrw_usch_t1_fe1: reghdfe dlv_rw dlz_usch if !usch & t==1, a(cs) cluster
> (hs6)
(MWFE estimator converged in 1 iterations)

HDFE Linear regression                            Number of obs   =    223,556
Absorbing 1 HDFE group                            F(   1,   5202) =       2.93
Statistics robust to heteroskedasticity           Prob > F        =     0.0868
                                                  R-squared       =     0.0088
                                                  Adj R-squared   =     0.0069
                                                  Within R-sq.    =     0.0000
Number of clusters (hs6)     =      5,203         Root MSE        =     1.4411

                                (Std. err. adjusted for 5,203 clusters in hs6)
------------------------------------------------------------------------------
             |               Robust
      dlv_rw | Coefficient  std. err.      t    P>|t|     [95% conf. interval]
-------------+----------------------------------------------------------------
    dlz_usch |   .1486374   .0867872     1.71   0.087    -.0215019    .3187767
       _cons |   .0419134   .0090648     4.62   0.000     .0241426    .0596842
------------------------------------------------------------------------------

Absorbed degrees of freedom:
-----------------------------------------------------+
 Absorbed FE | Categories  - Redundant  = Num. Coefs |
-------------+---------------------------------------|
          cs |       432           0         432     |
-----------------------------------------------------+

.                 estadd local c1 "Yes"

added macro:
                 e(c1) : "Yes"

.                 local R = string(e(r2),"%9.2fc")

.                 estadd local R2 "`R'"

added macro:
                 e(R2) : "0.01"

.         local b_post = string(_b[dlz_usch],"%9.2f")

.         local se_post = string(_se[dlz_usch],"%9.2f")   

.         binscatter dlv_rw dlz_usch if !usch, by(t) absorb(cs) ///
>                 legend(order(1 "2015-17" 2 "2017-19") pos(12) row(1) ring(1) size(medsm
> all)) ///
>                 xtitle("{&Delta} ln T(US,CH)", size(medsmall)) ytitle("{&Delta}ln X(RW,
> i)", size(medsmall)) ///
>                 title("`panele'") ///
>                 note("Pre-period: {&beta}=`b_pre' (`se_pre'). Post-period: {&beta}=`b_p
> ost' (`se_post').", ///
>                      size(small) pos(7) ring(1) justification(left)) ///
>                      colors(gs10 navy) ms(Oh Di)  ///
>                      xlabel(,labsize(medsmall)) ylabel(,labsize(medsmall))
(note:  named style Di not found in class symbol, default attributes used)

.         graph save "$tmp/g5b.gph", replace
file /Users/mehmettugsuz/Downloads/The US-China Trade War and Global Reallocations  GTW_r
> eplication/data/tmp//g5b.gph saved

.         
. *Binscatter: RW exports to RW on CHUS tariff
.         
.         *Raw data
.         eststo rwrw_chus_t0_fe0: reghdfe dlv_rw dlz_chus if !usch & t==0, noab cluster(
> hs6)
(MWFE estimator converged in 1 iterations)

HDFE Linear regression                            Number of obs   =    224,664
Absorbing 1 HDFE group                            F(   1,   5202) =       2.06
Statistics robust to heteroskedasticity           Prob > F        =     0.1508
                                                  R-squared       =     0.0000
                                                  Adj R-squared   =     0.0000
                                                  Within R-sq.    =     0.0000
Number of clusters (hs6)     =      5,203         Root MSE        =     1.4680

                                (Std. err. adjusted for 5,203 clusters in hs6)
------------------------------------------------------------------------------
             |               Robust
      dlv_rw | Coefficient  std. err.      t    P>|t|     [95% conf. interval]
-------------+----------------------------------------------------------------
    dlz_chus |   .1108195   .0771235     1.44   0.151    -.0403749     .262014
       _cons |  -.0882197   .0089564    -9.85   0.000    -.1057781   -.0706614
------------------------------------------------------------------------------

.                 estadd local c1 "No"

added macro:
                 e(c1) : "No"

.                 local R = string(e(r2),"%9.2fc")

.                 estadd local R2 "`R'"

added macro:
                 e(R2) : "0.00"

.         local b_pre = string(_b[dlz_chus ],"%9.2f")

.         local se_pre = string(_se[dlz_chus ],"%9.2f")

. 
.         eststo rwrw_chus_t1_fe0: reghdfe dlv_rw dlz_chus  if !usch & t==1, noab cluster
> (hs6)
(MWFE estimator converged in 1 iterations)

HDFE Linear regression                            Number of obs   =    223,556
Absorbing 1 HDFE group                            F(   1,   5202) =      13.96
Statistics robust to heteroskedasticity           Prob > F        =     0.0002
                                                  R-squared       =     0.0001
                                                  Adj R-squared   =     0.0001
                                                  Within R-sq.    =     0.0001
Number of clusters (hs6)     =      5,203         Root MSE        =     1.4460

                                (Std. err. adjusted for 5,203 clusters in hs6)
------------------------------------------------------------------------------
             |               Robust
      dlv_rw | Coefficient  std. err.      t    P>|t|     [95% conf. interval]
-------------+----------------------------------------------------------------
    dlz_chus |   .2926305   .0783152     3.74   0.000     .1390997    .4461613
       _cons |   .0249659   .0093936     2.66   0.008     .0065506    .0433812
------------------------------------------------------------------------------

.                 estadd local c1 "No"

added macro:
                 e(c1) : "No"

.                 local R = string(e(r2),"%9.2fc")

.                 estadd local R2 "`R'"

added macro:
                 e(R2) : "0.00"

.         local b_post = string(_b[dlz_chus ],"%9.2f")

.         local se_post = string(_se[dlz_chus],"%9.2f")

. 
.         binscatter dlv_rw dlz_chus if !usch, by(t)  ///
>                 legend(order(1 "2015-17" 2 "2017-19") pos(12) row(1) ring(1) size(medsm
> all)) ///
>                 xtitle("{&Delta} ln T(CH,US)", size(medsmall)) ytitle("{&Delta}ln X(RW,
> i)", size(medsmall)) ///
>                 title("`panelf'") ///
>                 note("Pre-period: {&beta}=`b_pre' (`se_pre'). Post-period: {&beta}=`b_p
> ost' (`se_post').", ///
>                      size(small) pos(7) ring(1) justification(left)) ///
>                      colors(gs10 navy) ms(Oh Di)  ///
>                      xlabel(,labsize(medsmall)) ylabel(,labsize(medsmall))
(note:  named style Di not found in class symbol, default attributes used)

.         graph save "$tmp/g6a.gph", replace
file /Users/mehmettugsuz/Downloads/The US-China Trade War and Global Reallocations  GTW_r
> eplication/data/tmp//g6a.gph saved

.         
.         *With fixed effects
.         eststo rwrw_chus_t0_fe1: reghdfe dlv_rw dlz_chus if !usch & t==0, a(cs) cluster
> (hs6)
(MWFE estimator converged in 1 iterations)

HDFE Linear regression                            Number of obs   =    224,664
Absorbing 1 HDFE group                            F(   1,   5202) =       2.45
Statistics robust to heteroskedasticity           Prob > F        =     0.1179
                                                  R-squared       =     0.0128
                                                  Adj R-squared   =     0.0109
                                                  Within R-sq.    =     0.0000
Number of clusters (hs6)     =      5,203         Root MSE        =     1.4599

                                (Std. err. adjusted for 5,203 clusters in hs6)
------------------------------------------------------------------------------
             |               Robust
      dlv_rw | Coefficient  std. err.      t    P>|t|     [95% conf. interval]
-------------+----------------------------------------------------------------
    dlz_chus |   .1215607   .0777229     1.56   0.118    -.0308089    .2739302
       _cons |  -.0892859   .0090685    -9.85   0.000     -.107064   -.0715077
------------------------------------------------------------------------------

Absorbed degrees of freedom:
-----------------------------------------------------+
 Absorbed FE | Categories  - Redundant  = Num. Coefs |
-------------+---------------------------------------|
          cs |       432           0         432     |
-----------------------------------------------------+

.                 estadd local c1 "Yes"

added macro:
                 e(c1) : "Yes"

.                 local R = string(e(r2),"%9.2fc")

.                 estadd local R2 "`R'"

added macro:
                 e(R2) : "0.01"

.         local b_pre = string(_b[dlz_chus ],"%9.2f")

.         local se_pre = string(_se[dlz_chus ],"%9.2f")

.         eststo rwrw_chus_t1_fe1: reghdfe dlv_rw dlz_chus  if !usch & t==1, a(cs) cluste
> r(hs6)
(MWFE estimator converged in 1 iterations)

HDFE Linear regression                            Number of obs   =    223,556
Absorbing 1 HDFE group                            F(   1,   5202) =      14.73
Statistics robust to heteroskedasticity           Prob > F        =     0.0001
                                                  R-squared       =     0.0089
                                                  Adj R-squared   =     0.0070
                                                  Within R-sq.    =     0.0001
Number of clusters (hs6)     =      5,203         Root MSE        =     1.4410

                                (Std. err. adjusted for 5,203 clusters in hs6)
------------------------------------------------------------------------------
             |               Robust
      dlv_rw | Coefficient  std. err.      t    P>|t|     [95% conf. interval]
-------------+----------------------------------------------------------------
    dlz_chus |   .3017375    .078608     3.84   0.000     .1476328    .4558422
       _cons |   .0240622   .0093887     2.56   0.010     .0056563    .0424681
------------------------------------------------------------------------------

Absorbed degrees of freedom:
-----------------------------------------------------+
 Absorbed FE | Categories  - Redundant  = Num. Coefs |
-------------+---------------------------------------|
          cs |       432           0         432     |
-----------------------------------------------------+

.                 estadd local c1 "Yes"

added macro:
                 e(c1) : "Yes"

.                 local R = string(e(r2),"%9.2fc")

.                 estadd local R2 "`R'"

added macro:
                 e(R2) : "0.01"

.         local b_post = string(_b[dlz_chus ],"%9.2f")

.         local se_post = string(_se[dlz_chus],"%9.2f")   

.         binscatter dlv_rw dlz_chus if !usch, absorb(cs) by(t)  ///
>                 legend(order(1 "2015-17" 2 "2017-19") pos(12) row(1) ring(1) size(medsm
> all)) ///
>                 xtitle("{&Delta} ln T(CH,US)", size(medsmall)) ytitle("{&Delta}ln X(RW,
> i)", size(medsmall)) ///
>                 title("`panelf'") /// 
>                 note("Pre-period: {&beta}=`b_pre' (`se_pre'). Post-period: {&beta}=`b_p
> ost' (`se_post').", ///
>                      size(small) pos(7) ring(1) justification(left)) ///
>                      colors(gs10 navy) ms(Oh Di)  ///
>                      xlabel(,labsize(medsmall)) ylabel(,labsize(medsmall))
(note:  named style Di not found in class symbol, default attributes used)

.         graph save "$tmp/g6b.gph", replace
file /Users/mehmettugsuz/Downloads/The US-China Trade War and Global Reallocations  GTW_r
> eplication/data/tmp//g6b.gph saved

. 
. *Figure 1
. cd "$tmp"
/Users/mehmettugsuz/Downloads/The US-China Trade War and Global Reallocations  GTW_replic
> ation/data/tmp

. graph combine g3a.gph g4a.gph g5a.gph g6a.gph, rows(3) xsize(6) ysize(8) iscale(.5)
(note:  named style Di not found in class symbol, default attributes used)
(note:  named style Di not found in class symbol, default attributes used)
(note:  named style Di not found in class symbol, default attributes used)
(note:  named style Di not found in class symbol, default attributes used)

. graph export "$results/fig_1.pdf",replace
file /Users/mehmettugsuz/Downloads/The US-China Trade War and Global Reallocations
    GTW_replication/results//fig_1.pdf saved as PDF format

. 
. *Figure A
. graph combine g3b.gph g4b.gph g5b.gph g6b.gph, rows(3) xsize(6) ysize(8) iscale(.5)
(note:  named style Di not found in class symbol, default attributes used)
(note:  named style Di not found in class symbol, default attributes used)
(note:  named style Di not found in class symbol, default attributes used)
(note:  named style Di not found in class symbol, default attributes used)

. graph export "$results/appendix/fig_a2.pdf",replace
file /Users/mehmettugsuz/Downloads/The US-China Trade War and Global Reallocations
    GTW_replication/results//appendix/fig_a2.pdf saved as PDF format

. 
. *Figure A3
. graph combine g1a.gph g2a.gph, rows(1) iscale(.7)
(note:  named style Di not found in class symbol, default attributes used)
(note:  named style Di not found in class symbol, default attributes used)

. graph export "$results/appendix/fig_a3.pdf", replace
file /Users/mehmettugsuz/Downloads/The US-China Trade War and Global Reallocations
    GTW_replication/results//appendix/fig_a3.pdf saved as PDF format

. 
. *Table A2
. lab var dlz_usch "T_USCH"

. lab var dlz_chus "T_CHUS"

. cap erase "$results/appendix/tab_a2.csv"

. foreach t in 0 1 {
  2. foreach fe in 0 1 {
  3.         
.         *Appendix Table 2
.         global specs_t`t'_fe`fe' "rwus_usch_t`t'_fe`fe' rwch_chus_t`t'_fe`fe' rwrw_usch
> _t`t'_fe`fe' rwrw_chus_t`t'_fe`fe'"
  4.         esttab ${specs_t`t'_fe`fe'} using "$results/appendix/tab_a2.csv" , ///
>                 drop(_cons) label se(%9.2f) b(%9.2f) stats(c1 N, label("Exporter $\time
> s$ Sector FE" "N") fmt(%9.0f %9.0f)) ///
>                 nogaps compress nomtitles nonotes star(* 0.10 ** 0.05 *** 0.01) append 
>  
  5. 
.         
. }
  6. }       
(file /Users/mehmettugsuz/Downloads/The US-China Trade War and Global Reallocations
    GTW_replication/results//appendix/tab_a2.csv not found)
(output written to /Users/mehmettugsuz/Downloads/The US-China Trade War and Global Reallo
> cations  GTW_replication/results//appendix/tab_a2.csv)
(output written to /Users/mehmettugsuz/Downloads/The US-China Trade War and Global Reallo
> cations  GTW_replication/results//appendix/tab_a2.csv)
(output written to /Users/mehmettugsuz/Downloads/The US-China Trade War and Global Reallo
> cations  GTW_replication/results//appendix/tab_a2.csv)
(output written to /Users/mehmettugsuz/Downloads/The US-China Trade War and Global Reallo
> cations  GTW_replication/results//appendix/tab_a2.csv)

.                 
.         
. 
end of do-file

. cd "/Users/mehmettugsuz/Downloads/The US-China Trade War and Global Reallocations  GTW_
> replication/code"
/Users/mehmettugsuz/Downloads/The US-China Trade War and Global Reallocations  GTW_replic
> ation/code

. do winners.do

. /**************************************************************************************
> The US-China Trade War and Global Reallocations
> Fajgelbaum, Goldberg, Kennedy, Khandelwal, and Taglioni
> July 2023
> * Create Figures 2 and 3
> **************************************************************************************/
. 
. clear

. 
. *Set directories
. do "$code/00_directories.do"

. /**************************************************
> The US-China Trade War and Global Reallocations
> Fajgelbaum, Goldberg, Kennedy, Khandelwal, and Taglioni
> July 2023
> *** Set directories
> **************************************************/
. 
. // Set root directory
. global db "/Users/mehmettugsuz/Downloads/The US-China Trade War and Global Reallocation
> s  GTW_replication/" // replace this line with your root directory

. 
. // All other paths set automatically
. global code             "${db}code/"

. global logs             "${db}code/logs/"

. global raw              "${db}data/raw/"

. global tmp              "${db}data/tmp/"

. global processed        "${db}data/processed/" 

. global results          "${db}results/" 

. 
. // Set scheme
. cap net install scheme-modern, from("https://raw.githubusercontent.com/mdroste/stata-sc
> heme-modern/master/")

. set scheme modern, perm
(set scheme preference recorded)

. 
. * Variable abbreviations 
. set varabbrev on 

. 
. 
end of do-file

. 
. *Log file
. cap log close
