
. 
. *Read ISO Codes
. import delimited "$raw/wb_country_groups/iso_codes.csv", varnames(1) clear
(encoding automatically selected: ISO-8859-1)
(9 vars, 293 obs)

. 
. *Keep relevant vars
. keep iso3digitalpha ctycode ctyfullnameenglish endvalidyear

. 
. *Rename vars
. rename (iso3digitalpha ctycode ctyfullnameenglish) (iso3 iso_code cty_name)

. 
. *Ensure data are unique by country
. gisid iso3 iso_code

. 
. *Format country names
. replace cty_name = upper(cty_name)
(292 real changes made)

. replace cty_name = trim(cty_name)
(0 real changes made)

. 
. *Save
. compress
  (0 bytes saved)

. save "$processed/iso_codes", replace
file /shared/share_amit-patrick/globaltradewar/GTW_replication_CHECK/data/processed//iso_codes.dta saved

. 
. 
end of do-file

.         do "$code/cty_codes.do"                                 // Country codes

. /**************************************************
> The US-China Trade War and Global Reallocations
> Fajgelbaum, Goldberg, Kennedy, Khandelwal, and Taglioni
> July 2023
> * 4-digit country codes from Census
> **************************************************/
. 
. *Set directories
. do "$code/00_directories.do"

. /**************************************************
> The US-China Trade War and Global Reallocations
> Fajgelbaum, Goldberg, Kennedy, Khandelwal, and Taglioni
> July 2023
> *** Set directories
> **************************************************/
. 
. // Set root directory
. global db               "/shared/share_amit-patrick/globaltradewar/GTW_replication_CHECK/" // replace this
>  line with your root directory

. 
. // All other paths set automatically
. global code             "${db}code/"

. global logs             "${db}code/logs/"

. global raw              "${db}data/raw/"

. global tmp              "${db}data/tmp/"

. global processed        "${db}data/processed/" 

. global results          "${db}results/" 

. 
. // Set scheme
. cap net install scheme-modern, from("https://raw.githubusercontent.com/mdroste/stata-scheme-modern/master/
> ")

. set scheme modern, perm
(set scheme preference recorded)

. 
. 
end of do-file

. 
. *Read trade file
. u id cty_name cty_iso3 cty_code if cty_code>0 using "$raw/census_trade/m_flow_hs10_fm",clear

. gcollapse (sum) id, by(cty_name cty_iso3 cty_code)

. g idm = _n

. reclink2 cty_name using "$processed/iso_codes", idm(idm) idu(iso_code) gen(score)

188 perfect matches found


Added: iso_code= identifier from /shared/share_amit-patrick/globaltradewar/GTW_replication_CHECK/data/proces
> sed//iso_codes   score = matching score
Observations:  Master N = 233    /shared/share_amit-patrick/globaltradewar/GTW_replication_CHECK/data/proces
> sed//iso_codes N= 293 
  Unique Master Cases: matched = 216 (exact = 188), unmatched = 17

. replace cty_iso3 = "VAT" if cty_name == "VATICAN CITY"
(1 real change made)

. replace cty_iso3 = "ISR" if cty_name == "WEST BANK ADMINISTERED BY ISRAEL"
(1 real change made)

. replace cty_iso3 = "MAC" if cty_name == "MACAU"
(1 real change made)

. replace cty_iso3 = "PSE" if cty_name == "GAZA STRIP ADMINISTERED BY ISRAEL"
(1 real change made)

. replace cty_iso3 = "COD" if cty_name == "CONGO (KINSHASA)"
(1 real change made)

. replace cty_iso3 = "SJM" if cty_name == "SVALBARD, JAN MAYEN ISLAND"
(1 real change made)

. drop if cty_name == "WEST BANK ADMINISTERED BY ISRAEL"
(1 observation deleted)

. replace cty_iso3 = iso3 if mi(cty_iso3)
(27 real changes made)

. assert !mi(cty_iso3)

. gisid cty_iso3

. drop iso3

. rename cty_iso3 iso3

. gisid cty_code

. drop score endvalidyear _m idm id iso_code Ucty_name

. 
. *Add the US
. insobs 1
(1 observation added)

. replace iso3 = "USA" if mi(iso3)
(1 real change made)

. replace cty_name = "UNITED STATES" if iso3 == "USA"
(1 real change made)

. replace cty_code = 842 if iso3 == "USA"
(1 real change made)

. insobs 1
(1 observation added)

. replace iso3 = "PRI" if mi(iso3)
(1 real change made)

. replace cty_name = "PUERTO RICO" if iso3 == "PRI"
(1 real change made)

. replace cty_code = 9030 if iso3 == "PRI"
(1 real change made)

. 
. *Save 
. compress
  (0 bytes saved)

. save "$processed/cty_codes2", replace
file /shared/share_amit-patrick/globaltradewar/GTW_replication_CHECK/data/processed//cty_codes2.dta saved

. 
end of do-file

.         do "$code/cty_rank.do"                                  // Ranking of countries by exports

. /**************************************************
> The US-China Trade War and Global Reallocations
> Fajgelbaum, Goldberg, Kennedy, Khandelwal, and Taglioni
> July 2023
> *** Rank countries by exports 
> **************************************************/
. 
. clear all

. 
. *Set directories
. do "$code/00_directories.do"

. /**************************************************
> The US-China Trade War and Global Reallocations
> Fajgelbaum, Goldberg, Kennedy, Khandelwal, and Taglioni
> July 2023
> *** Set directories
> **************************************************/
. 
. // Set root directory
. global db               "/shared/share_amit-patrick/globaltradewar/GTW_replication_CHECK/" // replace this
>  line with your root directory

. 
. // All other paths set automatically
. global code             "${db}code/"

. global logs             "${db}code/logs/"

. global raw              "${db}data/raw/"

. global tmp              "${db}data/tmp/"

. global processed        "${db}data/processed/" 

. global results          "${db}results/" 

. 
. // Set scheme
. cap net install scheme-modern, from("https://raw.githubusercontent.com/mdroste/stata-scheme-modern/master/
> ")

. set scheme modern, perm
(set scheme preference recorded)

. 
. 
end of do-file

. 
. *Log
. cap log close
