
. 
. *Destinations
. local dlist us ch rw

. 
. *******************************************
. *** Plot Country-specific betas (CSQ_C) ***
. *******************************************
. 
. *Read beta file
. use "$tmp/bs_beta_v_cs_bs0",clear

. 
. *Make unique at the country-level
. keep iso hs6 betaCSQ*

. gcollapse (mean) betaCSQ*, by(iso)

. duplicates drop

Duplicates in terms of all variables

(0 observations are duplicates)

. isid iso

. rename beta*_bs0 b0_beta*       

. 
. *Drop usi chrw tariffs
. drop *usi* *chrw*

. 
. *Drop components
. drop *CSQ_C_* *CSQ_S_* *CSQ_Q_*

. 
. *Keep bystanders only
. drop if inlist(iso,"CHN","USA") 
(2 observations deleted)

. 
. *Make variable names shorter
. rename b0_beta* b_*

. keep iso b_CSQ_*

. rename b_CSQ_* b_*

. drop *_usch_ch *_chus_us

. 
. *Quadrants
. g quad_same = .
(48 missing values generated)

. replace quad_same = 1 if (b_usch_us>0 & b_usch_rw>0) & (b_chus_ch>0 & b_chus_rw>0)
(5 real changes made)

. replace quad_same = 1 if (b_usch_us<0 & b_usch_rw<0) & (b_chus_ch<0 & b_chus_rw<0)
(2 real changes made)

. g quad_diag_down = .
(48 missing values generated)

. replace quad_diag_down = 1 if (b_usch_us>0 & b_usch_rw>0) & (b_chus_ch<0 & b_chus_rw<0)
(4 real changes made)

. replace quad_diag_down = 1 if (b_usch_us<0 & b_usch_rw<0) & (b_chus_ch>0 & b_chus_rw>0)
(4 real changes made)

. g quad_diag_up = .
(48 missing values generated)

. replace quad_diag_up = 1 if (b_usch_us<0 & b_usch_rw>0) & (b_chus_ch>0 & b_chus_rw<0)
(2 real changes made)

. replace quad_diag_up = 1 if (b_usch_us>0 & b_usch_rw<0) & (b_chus_ch<0 & b_chus_rw>0)
(2 real changes made)

. mvencode quad_*, mv(0) override
   quad_same: 41 missing values recoded
quad_diag_~n: 40 missing values recoded
quad_diag_up: 44 missing values recoded

. egen quad = rowtotal(quad_*)

. 
. *Plot labels
. sum b_chus_rw

    Variable |        Obs        Mean    Std. dev.       Min        Max
-------------+---------------------------------------------------------
   b_chus_rw |         48    .3106986    .5219549  -1.108143   1.248363

. g x = (abs(b_chus_rw)+abs(b_usch_rw))/2

. sum x

    Variable |        Obs        Mean    Std. dev.       Min        Max
-------------+---------------------------------------------------------
           x |         48    .4593654     .244968   .0797471   1.280272

. local y_lb = abs(r(max))

. di `y_lb'
1.2802722

. local y_lb = ceil(abs(`y_lb'/0.5))*0.5

. di `y_lb'
1.5

. local y_ub = abs(r(max))

. local y_ub = ceil(abs(`y_ub'/0.5))*0.5

. drop x

. g x = (abs(b_chus_ch)+abs(b_usch_us))/2

. sum x

    Variable |        Obs        Mean    Std. dev.       Min        Max
-------------+---------------------------------------------------------
           x |         48    .8223041    .5548494   .0922245   2.553697

. local x_lb = abs(r(max))

. local x_lb = ceil(abs(`x_lb'/0.5))*0.5

. local x_ub = abs(r(max))

. local x_ub = ceil(abs(`x_ub'/0.5))*0.5

. drop x

. 
. *Precision label for axes
. local dist = 0.5

. local yq_ub = 3/4 * `y_ub'

. local yq_lb = 3/4 * `y_lb'

. local xq_ub = 1/2 * `x_ub'

. local xq_lb = 1/2 * `x_lb'

. 
. 
. ***************************             
. *** Substitutes with CHN
. ***************************
. 
. *Plot labels
. sum b_chus_rw

    Variable |        Obs        Mean    Std. dev.       Min        Max
-------------+---------------------------------------------------------
   b_chus_rw |         48    .3106986    .5219549  -1.108143   1.248363

. g x = abs(b_usch_rw)

. sum x

    Variable |        Obs        Mean    Std. dev.       Min        Max
-------------+---------------------------------------------------------
           x |         48    .4326689     .301409   .0064095   1.455704

. local y_lb = abs(r(max))

. di `y_lb'
1.4557041

. local y_lb = ceil(abs(`y_lb'/0.5))*0.5

. di `y_lb'
1.5

. local y_ub = abs(r(max))

. local y_ub = ceil(abs(`y_ub'/0.5))*0.5

. drop x

. g x = abs(b_usch_us)

. sum x

    Variable |        Obs        Mean    Std. dev.       Min        Max
-------------+---------------------------------------------------------
           x |         48    .5393592     .441592    .028975   1.810175

. local x_lb = abs(r(max))

. local x_lb = ceil(abs(`x_lb'/0.5))*0.5

. local x_ub = abs(r(max))

. local x_ub = ceil(abs(`x_ub'/0.5))*0.5

. drop x

. 
. *Get precision level for axes
. local dist = 0.5

. local yq_ub = 3/4 * `y_ub'

. local yq_lb = 3/4 * `y_lb'

. local xq_ub = 1/2 * `x_ub'

. local xq_lb = 1/2 * `x_lb'

. 
. *Fig 4 Panel A
. twoway ///
>         (scatter b_usch_rw  b_usch_us if quad_same==0 & quad_diag_down==0 & quad_diag_u
> p==0, ///
>                 ms(i) mlabpos(0) mlabel(iso) mlabsize(small) mlabcolor(gs10)) ///
>         (scatter b_usch_rw  b_usch_us if quad_same==1, ms(i) mlabpos(0) mlabel(iso) mla
> bsize(small) mlabcolor(blue)) ///
>         (scatter b_usch_rw  b_usch_us if quad_diag_down==1, ms(i) mlabpos(0) mlabel(iso
> ) mlabsize(small) mlabcolor(red)) ///
>         (scatter b_usch_rw  b_usch_us if quad_diag_up==1, ms(i) mlabpos(0) mlabel(iso) 
> mlabsize(small) mlabcolor(green)) ///
>         , legend(off) ytitle("{&beta}(RW,1i)") xtitle("{&beta}(US,1i)") ///
>         yline(0, lpattern(solid) lcolor(maroon)) xline(0, lpattern(solid) lcolor(maroon
> ))  ///
>         xlabel(-`x_lb'(`dist')`x_ub') ylabel(-`y_lb'(`dist')`y_ub') ///
>         text(`yq_ub' -`xq_lb' "upward supply, CH complement", size(small) color(gs4)) /
> //
>         text(`yq_ub' `xq_ub' "downward supply, CH substitute", size(small) color(gs4)) 
> ///
>         text(-`yq_lb' -`xq_lb' "downward supply, CH complement", size(small) color(gs4)
> ) ///
>         text(-`yq_lb' `xq_ub' "upward supply, CH substitute", size(small) color(gs4)) /
> //
>         caption("", span size(small) pos(6)) 

.         graph save "$tmp/us.gph",replace
file /Users/mehmettugsuz/Downloads/The US-China Trade War and Global Reallocations  GTW_r
> eplication/data/tmp//us.gph saved

. 
. 
. ***************************             
. *** Substitutes with USA
. ***************************
. 
. *Plot labels
. sum b_chus_rw

    Variable |        Obs        Mean    Std. dev.       Min        Max
-------------+---------------------------------------------------------
   b_chus_rw |         48    .3106986    .5219549  -1.108143   1.248363

. g x = abs(b_chus_rw)

. sum x

    Variable |        Obs        Mean    Std. dev.       Min        Max
-------------+---------------------------------------------------------
           x |         48     .486062    .3601964   .0230308   1.248363

. local y_lb = abs(r(max))

. di `y_lb'
1.2483625

. local y_lb = ceil(abs(`y_lb'/0.5))*0.5

. di `y_lb'
1.5

. local y_ub = abs(r(max))

. local y_ub = ceil(abs(`y_ub'/0.5))*0.5

. drop x

. g x = abs(b_chus_ch)

. sum x

    Variable |        Obs        Mean    Std. dev.       Min        Max
-------------+---------------------------------------------------------
           x |         48    1.105249    .9973311   .0328312   4.808427

. local x_lb = abs(r(max))

. local x_lb = ceil(abs(`x_lb'/0.5))*0.5

. local x_ub = abs(r(max))

. local x_ub = ceil(abs(`x_ub'/0.5))*0.5

. drop x

. 
. *Precision level for axes
. local dist = 0.5

. local yq_ub = 3/4 * `y_ub'

. local yq_lb = 3/4 * `y_lb'

. local xq_ub = 1/2 * `x_ub'

. local xq_lb = 1/2 * `x_lb'

. 
. *Fig 4 Panel B
. twoway ///
>         (scatter b_chus_rw  b_chus_ch if quad_same==0 & quad_diag_down==0 & quad_diag_u
> p==0, ///
>                 ms(i) mlabpos(0) mlabel(iso) mlabsize(small) mlabcolor(gs10)) ///
>         (scatter b_chus_rw  b_chus_ch if quad_same==1, ms(i) mlabpos(0) mlabel(iso) mla
> bsize(small) mlabcolor(blue)) ///
>         (scatter b_chus_rw  b_chus_ch if quad_diag_down==1, ms(i) mlabpos(0) mlabel(iso
> ) mlabsize(small) mlabcolor(red)) ///
>         (scatter b_chus_rw  b_chus_ch if quad_diag_up==1, ms(i) mlabpos(0) mlabel(iso) 
> mlabsize(small) mlabcolor(green)) ///
>         , legend(off) ytitle("{&beta}(RW,2i)") xtitle("{&beta}(CH,2i)") ///
>         yline(0, lpattern(solid) lcolor(maroon)) xline(0, lpattern(solid) lcolor(maroon
> ))  ///
>         xlabel(-`x_lb'(`dist')`x_ub') ylabel(-`y_lb'(`dist')`y_ub') ///
>         text(`yq_ub' -`xq_lb' "upward supply, US complement", size(small) color(gs4)) /
> //
>         text(`yq_ub' `xq_ub' "downward supply, US substitute", size(small) color(gs4)) 
> ///
>         text(-`yq_lb' -`xq_lb' "downward supply, US complement", size(small) color(gs4)
> ) ///
>         text(-`yq_lb' `xq_ub' "upward supply, US substitute", size(small) color(gs4)) /
> //
>         caption("", span size(small) pos(6))

.         graph save "$tmp/ch.gph",replace
file /Users/mehmettugsuz/Downloads/The US-China Trade War and Global Reallocations  GTW_r
> eplication/data/tmp//ch.gph saved

. 
. *Combine panels A and B
. cd "$tmp"
/Users/mehmettugsuz/Downloads/The US-China Trade War and Global Reallocations  GTW_replic
> ation/data/tmp

. graph combine us.gph ch.gph, rows(2) xsize(6) ysize(8) iscale(.5)

. graph export "$results/fig_4.pdf",replace
file /Users/mehmettugsuz/Downloads/The US-China Trade War and Global Reallocations
    GTW_replication/results//fig_4.pdf saved as PDF format

. 
. exit

end of do-file


. save "/Users/mehmettugsuz/Downloads/The US-China Trade War and Global Reallocations  GT
> W_replication/data/tmp//bs_beta_v_cs_bs0.dta", replace
file /Users/mehmettugsuz/Downloads/The US-China Trade War and Global Reallocations
    GTW_replication/data/tmp//bs_beta_v_cs_bs0.dta saved

. exit
