-----------------------------------------------------------------------------------------
      name:  <unnamed>
       log:  /Users/mehmettugsuz/Downloads/The US-China Trade War and Global Reallocation
> s  GTW_replication/code/logs//winners.log
  log type:  text
 opened on:  20 Mar 2026, 23:14:22

. 
. *********************************************
. ** Assemble Winners File
. *********************************************
. 
. *Base case
. do "$code/bsregs.do" 0 

. /**************************************************************************************
> The US-China Trade War and Global Reallocations
> Fajgelbaum, Goldberg, Kennedy, Khandelwal, and Taglioni
> July 2023
> * Main regressions + bootstraps
> **************************************************************************************/
. 
. local b = `1'           // pass argument from the shell program to run bootstraps in pa
> rallel processing

. 
. *forval b = 0/50 {      // alternately, run the bootstraps sequentially in a loop
. 
. local seedone = `b'+453

. set seed `seedone' 

. 
. clear

. set more off

. 
. *Set directories
. global db "/Users/mehmettugsuz/Downloads/The US-China Trade War and Global Reallocation
> s  GTW_replication/"             // Set ROOT directory here

. do "$db/code/00_directories.do"

. /**************************************************
> The US-China Trade War and Global Reallocations
> Fajgelbaum, Goldberg, Kennedy, Khandelwal, and Taglioni
> July 2023
> *** Set directories
> **************************************************/
. 
. // Set root directory
. global db "/Users/mehmettugsuz/Downloads/The US-China Trade War and Global Reallocation
> s  GTW_replication/" // replace this line with your root directory

. 
. // All other paths set automatically
. global code             "${db}code/"

. global logs             "${db}code/logs/"

. global raw              "${db}data/raw/"

. global tmp              "${db}data/tmp/"

. global processed        "${db}data/processed/" 

. global results          "${db}results/" 

. 
. // Set scheme
. cap net install scheme-modern, from("https://raw.githubusercontent.com/mdroste/stata-sc
> heme-modern/master/")

. set scheme modern, perm
(set scheme preference recorded)

. 
. * Variable abbreviations 
. set varabbrev on 

. 
. 
end of do-file

. 
. *Log file
. cap log close
