------------------------------------------------------------------------------------------------------------
      name:  <unnamed>
       log:  /shared/share_amit-patrick/globaltradewar/GTW_replication_CHECK/code/logs//z_chrw.log
  log type:  text
 opened on:  18 Oct 2023, 18:49:45

. 
. ************************************************
. ** 1 CLEAN DATA
. ************************************************
. 
. *****************
. ** 1.1 CLEAN TARIFF DATA 
. *****************
. 
. *Read in data
. import excel using "$raw/bown_etal/bown-jung-zhang-2019-06-12.xlsx", sheet("China Tariff Rates") cellrange
> (A2) clear 
(13 vars, 11,790 obs)

. 
. *Rename variables
. rename A hs10

. drop   B

. rename C z_chrw                                                         // China MFN level on world

. rename D dz_chus_2apr18                                                 // April 2, 2018 - Change in China
>  tariff on US

. rename E dz_chrw_1may18                                                 // May 1, 2018   - Change in China
>  MFN tariff on world (pharmaceuticals)

. rename F dz_chrw_1jul18                                                 // July 1, 2018  - Change in China
>  MFN tariff on world (consumer goods,autos, ITA)

. rename G dz_chus_6jul18                                                 // July 6, 2018  - Change in China
>  tariff on US (Section 301)

. rename H dz_chus_23aug18                                                // Aug 23, 2018  - Change in China
>  tariff on US (Section 301)

. rename I dz_chus_24sep18                                                // Sep 24, 2018  - Change in China
>  tariff on US (Section 301)

. rename J dz_chrw_1nov18                                                 // Nov 1, 2018   - Change in China
>  MFN tariff on world (industry goods)

. rename K dz_chrw_1jan19                                                 // Jan 1, 2019   - Change in China
>  MFN tariff on world (temporary)

. rename L dz_chus_1jan19                                                 // Jan 1, 2019   - Change in China
>  tariff on US (auto and parts)

. rename M dz_chus_1jun19                                                 // June 1, 2019  - Change in China
>  tariff on US (various products)

. 
. *Create panel format
. expand 72                                                               // duplicate each observation 24 t
> imes, for 24 months
(837,090 observations created)

. gsort hs10

. bysort hs10: g row = _n - 1                                             // count how many times each hs10 
> entry exists

. g mdate = tm(2014m1) + row                                              // start with date 2018m1 and then
>  add months.

. drop row

. format mdate %tm        

. g year = year(dofm(mdate))                                              // extract year, dofm() gets code 
> of date

. order hs10 mdate year

. 
. *Cumulative changes of Chinese tariffs increases on the US
. g       dz_chus = 0

. replace dz_chus = dz_chus + dz_chus_2apr18                      if mdate>=tm(2018m4) 
(3,549 real changes made)

. replace dz_chus = dz_chus + dz_chus_6jul18                      if mdate>=tm(2018m7) 
(13,068 real changes made)

. replace dz_chus = dz_chus + dz_chus_23aug18                     if mdate>=tm(2018m8)
(9,095 real changes made)

. replace dz_chus = dz_chus + dz_chus_24sep18                     if mdate>=tm(2018m9)
(117,888 real changes made)

. replace dz_chus = dz_chus + dz_chus_1jan19                      if mdate>=tm(2019m1)
(4,116 real changes made)

. replace dz_chus = dz_chus + dz_chus_1jun19                      if mdate>=tm(2019m6)
(44,597 real changes made)

. 
. *Chinese tariffs on US in levels
. g       z_chus  = z_chrw
(1,008 missing values generated)

. replace z_chus  = z_chus + dz_chus                                      // adjust the levels; MS: start he
> re with WORLD level for US???
(136,776 real changes made)

. 
. *Cumulative changes of Chinese tariff cuts on ROW
. g       dz_chrw = 0 

. replace dz_chrw = dz_chrw + dz_chrw_1may18                      if mdate>=tm(2018m5)
(2,540 real changes made, 280 to missing)

. replace dz_chrw = dz_chrw + dz_chrw_1jul18                      if mdate>=tm(2018m7)
(52,290 real changes made)

. replace dz_chrw = dz_chrw + dz_chrw_1nov18                      if mdate>=tm(2018m11)
(25,270 real changes made)

. replace dz_chrw = dz_chrw + dz_chrw_1jan19                      if mdate>=tm(2019m1)
(192 real changes made)

. replace z_chrw  = z_chrw + dz_chrw                                      // adjust the levels
(77,898 real changes made)

. 
. *Collapse by HS6
. g hs6=substr(hs10,1,6)

. drop hs10

. order hs6 mdate year

. destring hs6, force replace
hs6: all characters numeric; replaced as long

. gcollapse (mean) z* dz* /// 
> (min) z_chrw_max = z_chrw z_chus_max = z_chus , by(hs6 mdate year)

. 
. *merge with HS6 broad cateogries
. merge m:1 hs6 using "$raw/crosswalk/hs6_broad_sectors", keep(master match)      

    Result                      Number of obs
    -----------------------------------------
    Not matched                           216
        from master                       216  (_merge==1)
        from using                          0  (_merge==2)

    Matched                           387,648  (_merge==3)
    -----------------------------------------

. bysort hs6: gen nomatch = _n if _merge == 1                             // create variable nomatch
(387,648 missing values generated)

. list hs6 if nomatch == 1                                                // show hs6 codes that dont match

        +--------+
        |    hs6 |
        |--------|
 81217. | 281216 |
 94681. | 290433 |
252937. | 710820 |
        +--------+

. drop _merge nomatch                                                     // drop some (just a few)

. rename hsind hs6_broad_sectors

. replace hs6_broad_sectors = 5   if hs6==281216                          // fix missing broad sectors
(72 real changes made)

. replace hs6_broad_sectors = 5   if hs6==290433                          // fix missing broad sectors
(72 real changes made)

. replace hs6_broad_sectors = 11  if hs6==710820                          // fix missing broad sectors
(72 real changes made)

. 
. *Check if panel is fine
. order hs6 mdate year

. gsort hs6 mdate

. tsset hs6 mdate

Panel variable: hs6 (strongly balanced)
 Time variable: mdate, 2014m1 to 2019m12
         Delta: 1 month

. gisid hs6 mdate

. 
. *save hs6 code as string
. tostring hs6, replace
hs6 was long now str6

. replace hs6 = "0" + hs6 if length(hs6)==5
(40,392 real changes made)

. 
. *create tariff change variable (not cumulative)
. g dz_chus_nc=   dz_chus[_n]-dz_chus[_n-1]
(1 missing value generated)

. g dz_chrw_nc=   dz_chrw[_n]-dz_chrw[_n-1]
(85 missing values generated)

. 
. *drop values close to zero
. replace dz_chus_nc = 0  if dz_chus_nc <= 0.0001 & dz_chus_nc >= -0.0001
(0 real changes made)

. replace dz_chrw_nc = 0  if dz_chrw_nc <= 0.0001 & dz_chrw_nc >= -0.0001
(456 real changes made)

. replace dz_chus = 0     if dz_chus <= 0.0001 & dz_chus >= -0.0001
(0 real changes made)

. replace dz_chrw = 0     if dz_chrw <= 0.0001 & dz_chrw >= -0.0001
(3,462 real changes made)

. replace dz_chus_nc = 0  if mdate == tm(2018m1)
(0 real changes made)

. replace dz_chrw_nc = 0  if mdate == tm(2018m1)
(0 real changes made)

. 
. *label vars
. la var z_chrw           "China: tariff levels on ROW"

. la var z_chus           "China: tariff levels on US"

. la var dz_chrw          "China: cum. tariff changes on ROW"

. la var dz_chus          "China: cum. tariff changes on US"

. la var dz_chrw_nc       "China: tariff changes on ROW"

. la var dz_chus_nc       "China: tariff changes on US"

. la var hs6              "HS6 code"

. la var mdate            "Month and Date"

. la var year             "Year"

. 
. *drop individual tariff variables
. keep hs6 mdate year z_chrw z_chus dz_chus dz_chrw dz_chus_nc dz_chrw_nc *_max hs6_broad_sectors

. 
. *Save
. compress
  variable mdate was float now int
  variable year was float now int
  (1,551,456 bytes saved)

. save "$tmp/china_mfn_tmp1", replace
file /shared/share_amit-patrick/globaltradewar/GTW_replication_CHECK/data/tmp//china_mfn_tmp1.dta saved

. 
. 
. *****************
. ** 1.2 ADD TARIFF WEIGHTS and WEIGHTED TARIFF series
. *****************
. 
. *Data preparation
. use "$processed/global_trade_hs6_ct_consistent_hs12.dta", clear

. keep if reporter_iso3   == "CHN" & inrange(year,2015,2017)
(79,586,420 observations deleted)

. drop if partner_iso3    == "WLD"
(15,127 observations deleted)

. gcollapse (sum) import_value, by (hs6 partner_iso3)

. 
. *compute total imports of China by hs6 
. gegen m_tot     = sum(import_value), by(hs6)

. 
. *Compute total imports by hs6 and country                       
. gegen m_c       = sum(import_value), by(hs6 partner_iso3)

. 
. *calculate import weights for US and ROW by product     
. g weights       = m_c/m_tot                                             
(960 missing values generated)

. keep if partner_iso3 == "USA"                                   
(505,606 observations deleted)

. rename weights w_us

. g w_rw          = 1-w_us        
(34 missing values generated)

.                                         
. *save
. keep hs6 w_us w_rw                              

. compress
  (0 bytes saved)

. tempfile weights

. save `weights', replace
(file /tmp/7227862.1.debian.q/St03636.000001 not found)
file /tmp/7227862.1.debian.q/St03636.000001 saved as .dta format

. 
. *merge with china_mfn
. use "$tmp/china_mfn_tmp1", clear

. destring hs6, replace
hs6: all characters numeric; replaced as long

. merge m:1 hs6 using `weights', keep(master match)       

    Result                      Number of obs
    -----------------------------------------
    Not matched                        48,528
        from master                    48,528  (_merge==1)
        from using                          0  (_merge==2)

    Matched                           339,336  (_merge==3)
    -----------------------------------------

. drop _merge

. 
. la var w_us "US Share of total Chinese imports by HS6"

. la var w_rw "ROW Share of total Chinese imports by HS6"

. 
. *Save
. compress
  (0 bytes saved)

. sa "$tmp/china_mfn_tmp2", replace
file /shared/share_amit-patrick/globaltradewar/GTW_replication_CHECK/data/tmp//china_mfn_tmp2.dta saved

. 
. *****************
. ** 1.3 Construct both an unweighted average (called z_chwd, dz_chwd) and a weighted average (z_chwd_w, dz_
> chrw_w)
. *****************
. 
. *Data
. u "$tmp/china_mfn_tmp2", clear

. 
. *compute tariff levels and increase for world (weighted average of ROW and US)
. g z_chwd_w      = w_us * z_chus  + w_rw * z_chrw
(51,120 missing values generated)

. g dz_chwd_w     = w_us * dz_chus + w_rw * dz_chrw
(50,964 missing values generated)

. g dz_chwd_nc_w  = w_us * dz_chus_nc + w_rw * dz_chrw_nc                         //nc = non-cumulative chan
> ges
(50,967 missing values generated)

. 
. *compute tariff levels and increase for world (unweighted average of ROW and US)
. g z_chwd        = (z_chus   + z_chrw) /2
(288 missing values generated)

. g dz_chwd       = (dz_chus  + dz_chrw)/2
(80 missing values generated)

. g dz_chwd_nc    = (dz_chus_nc  + dz_chrw_nc)/2
(85 missing values generated)

. 
. *var labels
. la var z_chwd_w         "China: weighted tariff levels on WLD"

. la var dz_chwd_w        "China: weighted cum. tariff increases on WLD"

. la var dz_chwd_nc_w     "China: weighted tariff increases on WLD"

. la var z_chwd           "China: unweighted tariff levels on WLD"

. la var dz_chwd          "China: unweighted cum. tariff increases on WLD"

. la var dz_chwd_nc       "China: unweighted tariff increases on WLD"

. 
. *Save
. save "$tmp/china_mfn_tmp3", replace
file /shared/share_amit-patrick/globaltradewar/GTW_replication_CHECK/data/tmp//china_mfn_tmp3.dta saved

. 
. ****************
. * Final file
. ****************
. 
. u "$tmp/china_mfn_tmp3", clear

. destring hs6, replace
hs6 already numeric; no replace

. 
. *Define pre- and post- period
. g t = -1 if inrange(year,2014,2015)
(258,576 missing values generated)

. replace t = 0 if inrange(year,2016,2017)
(129,288 real changes made)

. replace t = 1 if inrange(year,2018,2019)
(129,288 real changes made)

. drop if mi(t)
(0 observations deleted)

. 
. *HS crosswalk
. preserve

. import excel "$raw/crosswalk/Crosswalk_consistent_HS6/CompleteCorrelationsOfHS-SITC-BEC_20170606.xlsx", cl
> ear firstrow
(11 vars, 51,841 obs)

.         keep HS*

.         compress
  (0 bytes saved)

.         drop if HS12 == "NULL"
(1 observation deleted)

.         keep HS17 HS12

.         destring HS*, replace
HS12: all characters numeric; replaced as long
HS17: all characters numeric; replaced as long

.         rename HS17 hs6

.         duplicates drop hs6 HS12, force

Duplicates in terms of hs6 HS12

(45,699 observations deleted)

.         tempfile x

.         save `x', replace
(file /tmp/7227862.1.debian.q/St03636.000003 not found)
file /tmp/7227862.1.debian.q/St03636.000003 saved as .dta format

. restore

. joinby hs6 using `x', _merge(_m) unmatched(master)

. replace hs6 = HS12 if _m == 3
(73,152 real changes made)

. drop _m

. 
. *Collapse
. gcollapse (mean) z_chrw dz_chrw (min) dz_chrw_max = dz_chrw, by(hs6 t)

. 
. *carryforward
. tsset hs6 t

Panel variable: hs6 (strongly balanced)
 Time variable: t, -1 to 1
         Delta: 1 unit

. by hs6: carryforward z_*, replace
z_chrw:  (0 real changes made)

. 
. *Missings
. mvencode dz_chrw_max, mv(0) override

. 
. *No tariff changes in the pre-period
. foreach v of varlist dz* {
  2.         replace `v' = 0 if t<1
  3. }
(0 real changes made)
(0 real changes made)

. 
. *Proper scaling
. foreach v of varlist  z_* dz_* {
  2.         replace `v' = `v'/100
  3. }
(14,715 real changes made)
(2,200 real changes made)
(2,200 real changes made)

. 
. *Ensure levels match changes
. foreach v of varlist z* {
  2.         replace `v' = l.`v' if t>=0
  3.         replace `v' = l.`v' + d`v' if t>=0 
  4. }
(2,227 real changes made)
(2,200 real changes made)

. 
. *Log of tariffs 
. g lz_chrw = log(1+z_chrw)
(12 missing values generated)

. cap g dlz_chrw = d.lz_chrw

. 
. *Missings
. mvencode dlz*, mv(0) override
    dlz_chrw: 5213 missing values recoded

. 
. *Check
. gsort hs6 t

. gisid hs6 t

. 
. *Save
. compress
  variable t was float now byte
  (46,845 bytes saved)

. save "$processed/z_chrw", replace
file /shared/share_amit-patrick/globaltradewar/GTW_replication_CHECK/data/processed//z_chrw.dta saved

. 
end of do-file

.         do "$code/z_usi.do"                                     // US tariffs on other countries

. /**************************************************************************************
> The US-China Trade War and Global Reallocations
> Fajgelbaum, Goldberg, Kennedy, Khandelwal, and Taglioni
> July 2023
> * US tariffs on other countries
> **************************************************************************************/
. 
. clear all

. set more off 

. 
. *Set directories
. do "$code/00_directories.do"

. /**************************************************
> The US-China Trade War and Global Reallocations
> Fajgelbaum, Goldberg, Kennedy, Khandelwal, and Taglioni
> July 2023
> *** Set directories
> **************************************************/
. 
. // Set root directory
. global db               "/shared/share_amit-patrick/globaltradewar/GTW_replication_CHECK/" // replace this
>  line with your root directory

. 
. // All other paths set automatically
. global code             "${db}code/"

. global logs             "${db}code/logs/"

. global raw              "${db}data/raw/"

. global tmp              "${db}data/tmp/"

. global processed        "${db}data/processed/" 

. global results          "${db}results/" 

. 
. // Set scheme
. cap net install scheme-modern, from("https://raw.githubusercontent.com/mdroste/stata-scheme-modern/master/
> ")

. set scheme modern, perm
(set scheme preference recorded)

. 
. 
end of do-file

. 
. *******************
. *** Imports
. *******************
. 
. *Read Census trade flows
. use * if cty_code>0 & year>=2015 & cty_name!="CHINA" using "$raw/census_trade/m_flow_hs10_fm",clear

. 
. *Fill the panel
. tsset id mdate

Panel variable: id (unbalanced)
 Time variable: mdate, 2015m1 to 2019m12, but with gaps
         Delta: 1 month

. fillin id mdate

. 
. *Carryforward vars
. rename tmp* *

. gsort id -cty_code

. by id: carryforward cty* hs* m_effective_mdate4 m_T, replace
cty_code:  (22,849,944 real changes made)
cty_name:  (22,849,944 real changes made)
cty_iso3:  (22,500,317 real changes made)
hs10:  (22,849,944 real changes made)
hs8:  (22,849,944 real changes made)
hs6:  (22,849,944 real changes made)
hs4:  (22,849,944 real changes made)
hs2:  (22,849,944 real changes made)
m_effective_mdate4:  (19,618,633 real changes made)
m_T:  (22,849,944 real changes made)

. gsort id mdate

. by id: carryforward m_stattariff4 m_increase,  replace
m_stattariff4:  (14,687,374 real changes made)
m_increase:  (14,617,640 real changes made)

. gsort id -mdate

. by id: carryforward m_stattariff4,  replace
m_stattariff4:  (8,172,559 real changes made)

. gsort id mdate

. mvencode m_increase, mv(0) override
  m_increase: 8310617 missing values recoded

. 
. *Identify from tariff changes in the post-period
. replace m_increase = 0 if mdate<m_effective_mdate4 - 1  
(0 real changes made)

. 
. // carryforward
. gsort id -cty_code

. by id: carryforward cty* hs* m_effective_mdate4 m_T, replace
cty_code:  (0 real changes made)
cty_name:  (0 real changes made)
cty_iso3:  (0 real changes made)
hs10:  (0 real changes made)
hs8:  (0 real changes made)
hs6:  (0 real changes made)
hs4:  (0 real changes made)
hs2:  (0 real changes made)
m_effective_mdate4:  (0 real changes made)
m_T:  (0 real changes made)

. gsort id mdate

. by id: carryforward m_stattariff4 m_increase,  replace
m_stattariff4:  (0 real changes made)
m_increase:  (0 real changes made)

. gsort id -mdate

. by id: carryforward m_stattariff4,  replace
m_stattariff4:  (0 real changes made)

. gsort id mdate

. mvencode m_increase, mv(0) override

. replace m_stattariff4 = 0 if mfn_active == 1 & mdate<tm(2019m6)
(48,869 real changes made)

. 
. *Tariff variable
. g m_tariff = m_stattariff4
(35,747 missing values generated)

. 
. *Fix data errors
. replace m_increase = 0 if m_increase>m_tariff
(21,361 real changes made)

. 
. *Collapse to variety-level
. gcollapse (mean) m_tariff m_increase (min) m_effective_mdate4 [aw=m_val], by(cty_iso3 hs6 mdate)

. 
. *Fillin again
. fillin cty_iso3 hs6 mdate

. gegen x = mean(m_tariff) if !inlist(cty_iso3,"CAN","MEX","IND"), by(hs6 mdate)

. replace m_tariff = x if mi(m_tariff) & !inlist(cty_iso3,"CAN","MEX","IND")
(52,719,164 real changes made)

. gegen z = mean(m_increase) if !inlist(cty_iso3,"CAN","MEX","IND"), by(hs6 mdate)

. replace m_increase = z if mi(m_increase) & !inlist(cty_iso3,"CAN","MEX","IND")
(52,719,164 real changes made)

. drop x z _fillin

. mvencode m_increase, mv(0) override
  m_increase: 8004277 missing values recoded

. 
. *Check
. drop if mi(cty_iso3,hs6,mdate)
(325,740 observations deleted)

. gsort cty_iso3 hs6 mdate 

. gisid cty_iso3 hs6 mdate

. 
. *Rename vars
. rename m_tariff z_usi

. rename m_increase dz_usi

. 
. *Collapse by time period
. g date = dofm(mdate)

. g year = yofd(date)

. g t = 0 if year == 2016 | year == 2017
(38,893,356 missing values generated)

. replace t = -1 if inrange(year,2014,2015)
(12,964,452 real changes made)

. replace t= 1 if inrange(year,2018,2019)
(25,928,904 real changes made)

. gcollapse z_usi dz_usi, by(cty_iso3 hs6 t)

. g dlz_usi = ln(1+dz_usi)

. 
. *Save
. compress
  variable t was float now byte
  (9,723,339 bytes saved)

. save "$processed/z_usi", replace
file /shared/share_amit-patrick/globaltradewar/GTW_replication_CHECK/data/processed//z_usi.dta saved

. 
. exit

end of do-file

. 
. *** Country characteristics
.         do "$code/cty_distances.do"                             // Distances to/from the US and China

. /************************************************************************
> The US-China Trade War and Global Reallocations
> Fajgelbaum, Goldberg, Kennedy, Khandelwal, and Taglioni
> July 2023
> Description: Country distances to the US and China
> ************************************************************************/
. 
. clear all

. set more off 

. 
. *Set directories
. do "$code/00_directories.do"

. /**************************************************
> The US-China Trade War and Global Reallocations
> Fajgelbaum, Goldberg, Kennedy, Khandelwal, and Taglioni
> July 2023
> *** Set directories
> **************************************************/
. 
. // Set root directory
. global db               "/shared/share_amit-patrick/globaltradewar/GTW_replication_CHECK/" // replace this
>  line with your root directory

. 
. // All other paths set automatically
. global code             "${db}code/"

. global logs             "${db}code/logs/"

. global raw              "${db}data/raw/"

. global tmp              "${db}data/tmp/"

. global processed        "${db}data/processed/" 

. global results          "${db}results/" 

. 
. // Set scheme
. cap net install scheme-modern, from("https://raw.githubusercontent.com/mdroste/stata-scheme-modern/master/
> ")

. set scheme modern, perm
(set scheme preference recorded)

. 
. 
end of do-file

. 
. *Data from CEPII
. u "$raw/distances/dist_cepii", clear

. 
. *keep US and China vs all countries
.         keep iso_o iso_d dist distw

.         keep if iso_d == "USA" | iso_d == "CHN"
(49,728 observations deleted)

.         replace iso_o = "ROU" if iso_o == "ROM"
(2 real changes made)

. 
. *create US distance variables
.         gegen dist_us= mean(dist), by (iso_o iso_d)

.         gegen distw_us= mean(distw), by (iso_o iso_d)

.         replace dist_us = 0 if iso_d == "CHN"
(224 real changes made)

.         replace distw_us = 0 if iso_d == "CHN"
(224 real changes made)

. 
. *create CHINA distance variables
.         gegen dist_ch= mean(dist), by (iso_o iso_d)

.         gegen distw_ch= mean(distw), by (iso_o iso_d)

.         replace dist_ch = 0 if iso_d == "USA"
(224 real changes made)

.         replace distw_ch = 0 if iso_d == "USA"
(224 real changes made)

. 
. *collapse to obtain desired format
.         gcollapse (sum) dist_us distw_us dist_ch distw_ch, by(iso_o)

.         rename iso_o cty_iso3

. 
. * merge remaining ones
. preserve

.         u "$raw/distances/country_dist", clear

.         rename (iso3_o iso3_d) (iso_o iso_d)

.         keep if iso_d == "USA" | iso_d == "CHN"
(59,048 observations deleted)

.         
.         *create US distance variables
.         gegen dist_us= mean(dist), by (iso_o iso_d)

.         replace dist_us = 0 if iso_d == "CHN"
(243 real changes made)

. 
.         *create CHINA distance variables
.         gegen dist_ch= mean(dist), by (iso_o iso_d)

.         replace dist_ch = 0 if iso_d == "USA"
(243 real changes made)

.         drop dist

.         
.         *collapse to obtain desired format
.         gcollapse (sum) dist_us dist_ch, by(iso_o)

.                 
.         rename iso_o cty_iso3

.         tempfile x

.         save `x'
file /tmp/7227862.1.debian.q/St03636.000002 saved as .dta format

. restore

. append using `x'

. 
. duplicates tag cty_iso3, gen(dupl)

Duplicates in terms of cty_iso3

. drop if dupl == 1 & dist_us == . 
(0 observations deleted)

. drop if dupl == 1 & dist_ch == . 
(0 observations deleted)

. duplicates drop cty_iso3, force

Duplicates in terms of cty_iso3

(220 observations deleted)

. drop dupl

. 
. insobs 1
(1 observation added)

. replace cty_iso3 = "SSD" if mi(cty_iso3)
(1 real change made)

. replace dist_us = 12653 if cty_iso3 == "SSD"
(1 real change made)

. replace dist_ch = 8015 if cty_iso3 == "SSD"
(1 real change made)

. 
. insobs 1
(1 observation added)

. replace cty_iso3 = "CUW" if mi(cty_iso3)
(1 real change made)

. replace dist_us = 3840 if cty_iso3 == "CUW"
(1 real change made)

. replace dist_ch = 14617 if cty_iso3 == "CUW"
(1 real change made)

. 
. insobs 1
(1 observation added)

. replace cty_iso3 = "SXM" if mi(cty_iso3)
(1 real change made)

. replace dist_us = 3817 if cty_iso3 == "SXM"
(1 real change made)

. replace dist_ch = 13864 if cty_iso3 == "SXM"
(1 real change made)

. 
. *save
. compress
  (0 bytes saved)

. save "$processed/cty_distances_US_CN", replace
file
    /shared/share_amit-patrick/globaltradewar/GTW_replication_CHECK/data/processed//cty_distances_US_CN.dt
    > a saved

. 
. 
end of do-file

.         do "$code/FDI_stock.do"                                 // FDI stocks

. /************************************************************************
> The US-China Trade War and Global Reallocations
> Fajgelbaum, Goldberg, Kennedy, Khandelwal, and Taglioni
> July 2023
> Description: FDI data
> ************************************************************************/
. 
. clear all

. set more off 

. 
. *Set directories
. do "$code/00_directories.do"

. /**************************************************
> The US-China Trade War and Global Reallocations
> Fajgelbaum, Goldberg, Kennedy, Khandelwal, and Taglioni
> July 2023
> *** Set directories
> **************************************************/
. 
. // Set root directory
. global db               "/shared/share_amit-patrick/globaltradewar/GTW_replication_CHECK/" // replace this
>  line with your root directory

. 
. // All other paths set automatically
. global code             "${db}code/"

. global logs             "${db}code/logs/"

. global raw              "${db}data/raw/"

. global tmp              "${db}data/tmp/"

. global processed        "${db}data/processed/" 

. global results          "${db}results/" 

. 
. // Set scheme
. cap net install scheme-modern, from("https://raw.githubusercontent.com/mdroste/stata-scheme-modern/master/
> ")

. set scheme modern, perm
(set scheme preference recorded)

. 
. 
end of do-file

. 
. *******************************************************
. * 1. Clean dataset
. *******************************************************
. 
. *Read file
. import excel "$raw/unctad/WIR2020Tab03.xlsx", cellrange(A3:AE236) firstrow clear
(31 vars, 233 obs)

. 
. *Drop subtotals and totals
. drop if Regioneconomy == "World"
(1 observation deleted)

. drop if Regioneconomy == "Developed economies"
(1 observation deleted)

. drop if Regioneconomy == "Europe"
(1 observation deleted)

. drop if Regioneconomy == "European Union"
(1 observation deleted)

. drop if Regioneconomy == "Other developed Europe"
(1 observation deleted)

. drop if Regioneconomy == "Other developed economies"
(1 observation deleted)

. drop if Regioneconomy == "Belgium / Luxembourg"
(1 observation deleted)

. drop if Regioneconomy == "North America"
(1 observation deleted)

. drop if Regioneconomy == "Developing economies"
(1 observation deleted)

. drop if Regioneconomy == "Africa"
(1 observation deleted)

. drop if Regioneconomy == "North Africa"
(1 observation deleted)

. drop if Regioneconomy == "Other Africa"
(1 observation deleted)

. drop if Regioneconomy == "West Africa"
(1 observation deleted)

. drop if Regioneconomy == "Central Africa"
(1 observation deleted)

. drop if Regioneconomy == "East Africa"
(1 observation deleted)

. drop if Regioneconomy == "Southern Africa"
(1 observation deleted)

. drop if Regioneconomy == "Asia"
(1 observation deleted)

. drop if Regioneconomy == "East and South-East Asia"
(1 observation deleted)

. drop if Regioneconomy == "East Asia"
(1 observation deleted)

. drop if Regioneconomy == "South-East Asia"
(1 observation deleted)

. drop if Regioneconomy == "South Asia"
(1 observation deleted)

. drop if Regioneconomy == "West Asia"
(1 observation deleted)

. drop if Regioneconomy == "Latin America and the Caribbean"
(1 observation deleted)

. drop if Regioneconomy == "South America"
(1 observation deleted)

. drop if Regioneconomy == "Central America"
(1 observation deleted)

. drop if Regioneconomy == "Caribbean"
(1 observation deleted)

. drop if Regioneconomy == "Oceania"
(1 observation deleted)

. drop if Regioneconomy == "Transition Economies"
(1 observation deleted)

. drop if Regioneconomy == "South-East Europe"
(1 observation deleted)

. drop if Regioneconomy == "CIS"
(1 observation deleted)

. drop if Regioneconomy == "Least developed countries (LDCs)"
(0 observations deleted)

. drop if Regioneconomy == "Landlocked countries (LLCs)"
(0 observations deleted)

. drop if Regioneconomy == "Small island developing states (SIDS)"
(0 observations deleted)

. 
. *Keep only 2016-2018; rename vars and create id
. keep Regioneconomy AB AC AD

. rename (AB AC AD) (stock2016 stock2017 stock2018)

. rename Regioneconomy cty_name

. la var cty_name   "ISO Country Name"

. replace cty_name = upper(cty_name)
(203 real changes made)

. g id = _n

. la var id "Observation ID"

. 
. *Rename country names for merge
. replace cty_name = "BOLIVIA"                    if cty_name == "BOLIVIA, PLURINATIONAL STATE OF"
(1 real change made)

. replace cty_name = "BOSNIA"                     if cty_name == "BOSNIA AND HERZEGOVINA"
(1 real change made)

. replace cty_name = "CAPE VERDE"                 if cty_name == "CABO VERDE"
(1 real change made)

. replace cty_name = "CROATIA "                   if cty_name == "CROATIA"
(1 real change made)

. replace cty_name = "HONG KONG"                  if cty_name == "HONG KONG, CHINA" 
(1 real change made)

. replace cty_name = "IRAN "                      if cty_name == "IRAN, ISLAMIC REPUBLIC OF"
(1 real change made)

. replace cty_name = "LAOS"                       if cty_name == "LAO PEOPLE'S DEMOCRATIC REPUBLIC"
(1 real change made)

. replace cty_name = "MACAO"                      if cty_name == "MACAO, CHINA"
(1 real change made)

. replace cty_name = "RUSSIA"                     if cty_name == "RUSSIAN FEDERATION"
(1 real change made)

. replace cty_name = "SINT MAARTEN "              if cty_name == "SINT MAARTEN"
(1 real change made)

. replace cty_name = "SAO TOME AND PRINCIPE"      if id       == 70
(1 real change made)

. replace cty_name = "TAIWAN"                     if cty_name == "TAIWAN PROVINCE OF CHINA"
(1 real change made)

. replace cty_name = "TANZANIA"                   if cty_name == "UNITED REPUBLIC OF TANZANIA"
(1 real change made)

. replace cty_name = "VIETNAM"                    if cty_name == "VIET NAM"
(1 real change made)

. replace cty_name = "CZECH REPUBLIC"             if cty_name == "CZECHIA"
(1 real change made)

. 
. *Merge with iso codes
. 
. preserve

.         import delimited "$raw/wb_country_groups/iso_codes.csv", varnames(1) clear
(encoding automatically selected: ISO-8859-1)
(9 vars, 293 obs)

.         *drop if endvalidyear<2010
.         keep iso3digitalpha ctycode ctyfullnameenglish endvalidyear

.         rename (iso3digitalpha ctycode ctyfullnameenglish) (iso3 iso_code cty_name)

.         replace cty_name = upper(cty_name)
(292 real changes made)

.         replace cty_name = trim(cty_name)
(0 real changes made)

.         gisid iso3 iso_code

.         g idu = _n

.         tempfile iso

.         save `iso'
file /tmp/7227862.1.debian.q/St03636.000002 saved as .dta format

. restore

. g idm = _n

. reclink2 cty_name using `iso', idm(idm) idu(idu) gen(score)

175 perfect matches found


Added: idu= identifier from /tmp/7227862.1.debian.q/St03636.000002   score = matching score
Observations:  Master N = 203    /tmp/7227862.1.debian.q/St03636.000002 N= 293 
  Unique Master Cases: matched = 194 (exact = 175), unmatched = 9

. 
. *Country codes
. replace iso3 = "NOR" if cty_name == "NORWAY"
(1 real change made)

. replace iso3 = "TZA" if cty_name == "TANZANIA"
(1 real change made)

. replace iso3 = "SWZ" if cty_name == "ESWATINI"
(1 real change made)

. replace iso3 = "HKG" if cty_name == "HONG KONG"
(1 real change made)

. replace iso3 = "MAC" if cty_name == "MACAO"
(1 real change made)

. replace iso3 = "TWN" if cty_name == "TAIWAN"
(1 real change made)

. replace iso3 = "LAO" if cty_name == "LAOS"
(1 real change made)

. replace iso3 = "BOL" if cty_name == "BOLIVIA"
(1 real change made)

. replace iso_code= 834 if cty_name == "TANZANIA"
(1 real change made)

. replace iso_code= 748 if cty_name == "ESWATINI"
(1 real change made)

. replace iso_code= 344 if cty_name == "HONG KONG"
(1 real change made)

. replace iso_code= 446 if cty_name == "MACAO"
(1 real change made)

. replace iso_code= 158 if cty_name == "TAIWAN"
(1 real change made)

. replace iso_code= 418 if cty_name == "LAOS"
(1 real change made)

. replace iso_code= 68 if cty_name == "BOLIVIA"
(1 real change made)

. drop _m endvalidyear

. gisid id

. drop idu idm score 

. 
. *Drop merge & ctycode
. destring stock*, ignore("-") replace
stock2016: character - removed; replaced as double
(1 missing value generated)
stock2017: character - removed; replaced as double
(1 missing value generated)
stock2018: character - removed; replaced as double
(1 missing value generated)

. order id cty_name iso3 iso_code stock*

. sort iso3

. drop id

. compress
  variable iso3 was str4 now str3
  variable Ucty_name was str72 now str37
  (7,308 bytes saved)

. save "$processed/cty_FDI_stock", replace
file /shared/share_amit-patrick/globaltradewar/GTW_replication_CHECK/data/processed//cty_FDI_stock.dta
    saved

. 
. 
end of do-file

.         do "$code/FDI_inflow.do"                                // FDI flows

. **************************************************
. * Author: Maximilian Schwarz
. * Date: Aug 28, 2020
. * This file cleans FDI data from UN
. **************************************************
. 
. clear all

. set more off 

. 
. *Set directories
. do "$code/00_directories.do"

. /**************************************************
> The US-China Trade War and Global Reallocations
> Fajgelbaum, Goldberg, Kennedy, Khandelwal, and Taglioni
> July 2023
> *** Set directories
> **************************************************/
. 
. // Set root directory
. global db               "/shared/share_amit-patrick/globaltradewar/GTW_replication_CHECK/" // replace this
>  line with your root directory

. 
. // All other paths set automatically
. global code             "${db}code/"

. global logs             "${db}code/logs/"

. global raw              "${db}data/raw/"

. global tmp              "${db}data/tmp/"

. global processed        "${db}data/processed/" 

. global results          "${db}results/" 

. 
. // Set scheme
. cap net install scheme-modern, from("https://raw.githubusercontent.com/mdroste/stata-scheme-modern/master/
> ")

. set scheme modern, perm
(set scheme preference recorded)

. 
. 
end of do-file

. 
. *******************************************************
. * 1. Clean dataset
. *******************************************************
. 
. *1.1 load
. import excel "$raw/unctad/WIR2020Tab01.xlsx", cellrange(A3:AE236) firstrow clear
(31 vars, 233 obs)

. 
. *1.2 drop subtotals and totals
.         drop if Regioneconomy == "World"
(1 observation deleted)

.         drop if Regioneconomy == "Developed economies"
(1 observation deleted)

.         drop if Regioneconomy == "Europe"
(1 observation deleted)

.         drop if Regioneconomy == "European Union"
(1 observation deleted)

.         drop if Regioneconomy == "Other developed Europe"
(1 observation deleted)

.         drop if Regioneconomy == "Other developed economies"
(1 observation deleted)

.         drop if Regioneconomy == "Belgium / Luxembourg"
(1 observation deleted)

.         drop if Regioneconomy == "North America"
(1 observation deleted)

.         drop if Regioneconomy == "Developing economies"
(1 observation deleted)

.         drop if Regioneconomy == "Africa"
(1 observation deleted)

.         drop if Regioneconomy == "North Africa"
(1 observation deleted)

.         drop if Regioneconomy == "Other Africa"
(1 observation deleted)

.         drop if Regioneconomy == "West Africa"
(1 observation deleted)

.         drop if Regioneconomy == "Central Africa"
(1 observation deleted)

.         drop if Regioneconomy == "East Africa"
(1 observation deleted)

.         drop if Regioneconomy == "Southern Africa"
(1 observation deleted)

.         drop if Regioneconomy == "Asia"
(1 observation deleted)

.         drop if Regioneconomy == "East and South-East Asia"
(1 observation deleted)

.         drop if Regioneconomy == "East Asia"
(1 observation deleted)

.         drop if Regioneconomy == "South-East Asia"
(1 observation deleted)

.         drop if Regioneconomy == "South Asia"
(1 observation deleted)

.         drop if Regioneconomy == "West Asia"
(1 observation deleted)

.         drop if Regioneconomy == "Latin America and the Caribbean"
(1 observation deleted)

.         drop if Regioneconomy == "South America"
(1 observation deleted)

.         drop if Regioneconomy == "Central America"
(1 observation deleted)

.         drop if Regioneconomy == "Caribbean"
(1 observation deleted)

.         drop if Regioneconomy == "Oceania"
(1 observation deleted)

.         drop if Regioneconomy == "Transition Economies"
(1 observation deleted)

.         drop if Regioneconomy == "South-East Europe"
(1 observation deleted)

.         drop if Regioneconomy == "CIS"
(1 observation deleted)

.         drop if Regioneconomy == "Least developed countries (LDCs)"
(0 observations deleted)

.         drop if Regioneconomy == "Landlocked countries (LLCs)"
(0 observations deleted)

.         drop if Regioneconomy == "Small island developing states (SIDS)"
(0 observations deleted)

. 
. *1.3 keep only 2016-2018; rename vars and create id
.         keep Regioneconomy AB AC AD

.         rename (AB AC AD) (flow2016 flow2017 flow2018)

.         rename Regioneconomy cty_name

.         *reshape long stock, i(cty_name) j(year)
.         *la var stock "FDI inward stock in million USD"
.         la var cty_name   "ISO Country Name"

.         replace cty_name = upper(cty_name)
(203 real changes made)

.         g id = _n

.         la var id "Observation ID"

. 
. *1.4 rename country names for merge
.         replace cty_name = "BOLIVIA"                    if cty_name == "BOLIVIA, PLURINATIONAL STATE OF"
(1 real change made)

.         replace cty_name = "BOSNIA"                     if cty_name == "BOSNIA AND HERZEGOVINA"
(1 real change made)

.         replace cty_name = "CAPE VERDE"                 if cty_name == "CABO VERDE"
(1 real change made)

.         replace cty_name = "CROATIA "                   if cty_name == "CROATIA"
(1 real change made)

.         replace cty_name = "HONG KONG"                  if cty_name == "HONG KONG, CHINA" 
(1 real change made)

.         replace cty_name = "IRAN "                      if cty_name == "IRAN, ISLAMIC REPUBLIC OF"
(1 real change made)

.         replace cty_name = "LAOS"                       if cty_name == "LAO PEOPLE'S DEMOCRATIC REPUBLIC"
(1 real change made)

.         replace cty_name = "MACAO"                      if cty_name == "MACAO, CHINA"
(1 real change made)

.         replace cty_name = "RUSSIA"                     if cty_name == "RUSSIAN FEDERATION"
(0 real changes made)

.         replace cty_name = "SINT MAARTEN "              if cty_name == "SINT MAARTEN"
(1 real change made)

.         replace cty_name = "SAO TOME AND PRINCIPE"      if cty_name == "SãO TOMé AND PRINCIPE"
(1 real change made)

.         replace cty_name = "TAIWAN"                     if cty_name == "TAIWAN PROVINCE OF CHINA"
(1 real change made)

.         replace cty_name = "TANZANIA"                   if cty_name == "UNITED REPUBLIC OF TANZANIA"
(1 real change made)

.         replace cty_name = "VIETNAM"                    if cty_name == "VIET NAM"
(1 real change made)

.         replace cty_name = "CZECH REPUBLIC"             if cty_name == "CZECHIA"
(1 real change made)

. 
. *1.5 merging with iso codes
.         merge m:m cty_name using "$processed/iso_codes", keep (master match)
(variable cty_name was str38, now str72 to accommodate using data's values)

    Result                      Number of obs
    -----------------------------------------
    Not matched                            29
        from master                        29  (_merge==1)
        from using                          0  (_merge==2)

    Matched                               174  (_merge==3)
    -----------------------------------------

.         drop if flow2016 == "-" & flow2017 == "-" & flow2018 == "-"
(12 observations deleted)

. 
. *1.6 iso_codes_updated is not unique (have to fix this file..) --> drop duplicates
.         drop if  iso3 == "ABW"
(1 observation deleted)

.         drop if iso_code == 250
(0 observations deleted)

.         drop if iso_code == 699
(1 observation deleted)

.         drop if iso_code == 381
(1 observation deleted)

.         drop if iso_code == 485
(0 observations deleted)

.         drop if iso_code == 579
(0 observations deleted)

.         drop if iso_code == 736
(0 observations deleted)

.         drop if iso_code == 757
(0 observations deleted)

.         drop if iso_code == 842
(0 observations deleted)

.         replace cty_name = trim(cty_name)
(3 real changes made)

. *1.7 fixing missing iso codes
.         replace iso3 = "VGB"            if cty_name == "BRITISH VIRGIN ISLANDS" 
(0 real changes made)

.         replace iso3 = "CIV"            if cty_name == "CôTE D' IVOIRE" 
(1 real change made)

.         replace iso3 = "SWZ"            if cty_name == "ESWATINI" 
(1 real change made)

.         replace iso3 = "PRK"            if cty_name == "KOREA, DEMOCRATIC PEOPLE'S REPUBLIC OF"
(1 real change made)

.         replace iso3 = "KOR"            if cty_name == "KOREA, REPUBLIC OF"
(1 real change made)

.         replace iso3 = "MKD"            if cty_name == "NORTH MACEDONIA" 
(1 real change made)

.         replace iso3 = "VEN"            if cty_name == "VENEZUELA, BOLIVARIAN REPUBLIC OF"
(1 real change made)

.         replace iso3 = "COD"            if cty_name == "CONGO, DEMOCRATIC REPUBLIC OF"
(1 real change made)

.         replace iso3 = "PST"            if cty_name == "STATE OF PALESTINE"
(1 real change made)

.         replace iso3 = "NOR"            if cty_name == "NORWAY"
(1 real change made)

.         replace iso3 = "TZA"            if cty_name == "TANZANIA"
(1 real change made)

.         replace iso3 = "HKG"            if cty_name == "HONG KONG"
(1 real change made)

.         replace iso3 = "MAC"            if cty_name == "MACAO"
(1 real change made)

.         replace iso3 = "TWN"            if cty_name == "TAIWAN"
(1 real change made)

.         replace iso3 = "LAO"            if cty_name == "LAOS"
(1 real change made)

.         replace iso3 = "BOL"            if cty_name == "BOLIVIA"
(1 real change made)

. 
.         replace iso3 = "BIH"            if cty_name == "BOSNIA"
(1 real change made)

.         replace iso3 = "CPV"            if cty_name == "CAPE VERDE"
(1 real change made)

.         replace iso3 = "HRV"            if cty_name == "CROATIA"
(1 real change made)

.         replace iso3 = "FRA"            if cty_name == "FRANCE"
(1 real change made)

.         replace iso3 = "IRN"            if cty_name == "IRAN"
(1 real change made)

.         replace iso3 = "XKX"            if cty_name == "KOSOVO"
(1 real change made)

.         replace iso3 = "SXM"            if cty_name == "SINT MAARTEN"
(1 real change made)

.         replace iso3 = "USA"            if cty_name == "UNITED STATES"
(1 real change made)

.         replace iso3 = "VNM"            if cty_name == "VIETNAM"
(1 real change made)

.         replace iso3 = "CHE"            if cty_name == "SWITZERLAND"
(1 real change made)

.         gisid iso3

. 
. *1.8 drop merge & ctycode
.         drop endvalid _m

.         destring flow*, ignore("-") replace
flow2016: character - removed; replaced as double
flow2017: character - removed; replaced as double
flow2018: character - removed; replaced as double

.         order id cty_name iso3 iso_code flow*

.         sort iso3

.         drop id

.         compress
  variable cty_name was str72 now str38
  variable iso3 was str4 now str3
  (6,580 bytes saved)

.         save "$processed/cty_FDI_flow", replace
file /shared/share_amit-patrick/globaltradewar/GTW_replication_CHECK/data/processed//cty_FDI_flow.dta
    saved

. 
. 
end of do-file

.         do "$code/country_gdp.do"                               // GDP data

. /************************************************************************
> The US-China Trade War and Global Reallocations
> Fajgelbaum, Goldberg, Kennedy, Khandelwal, and Taglioni
> July 2023
> Description: GDP data
> ************************************************************************/
. 
. clear all

. set more off

. 
. *Set directories
. do "$code/00_directories.do"

. /**************************************************
> The US-China Trade War and Global Reallocations
> Fajgelbaum, Goldberg, Kennedy, Khandelwal, and Taglioni
> July 2023
> *** Set directories
> **************************************************/
. 
. // Set root directory
. global db               "/shared/share_amit-patrick/globaltradewar/GTW_replication_CHECK/" // replace this
>  line with your root directory

. 
. // All other paths set automatically
. global code             "${db}code/"

. global logs             "${db}code/logs/"

. global raw              "${db}data/raw/"

. global tmp              "${db}data/tmp/"

. global processed        "${db}data/processed/" 

. global results          "${db}results/" 

. 
. // Set scheme
. cap net install scheme-modern, from("https://raw.githubusercontent.com/mdroste/stata-scheme-modern/master/
> ")

. set scheme modern, perm
(set scheme preference recorded)

. 
. 
end of do-file

. 
. *Merge FDI data
. u "$processed/cty_FDI_stock", clear

. merge 1:1 iso3 using "$processed/cty_FDI_flow"

    Result                      Number of obs
    -----------------------------------------
    Not matched                            27
        from master                        21  (_merge==1)
        from using                          6  (_merge==2)

    Matched                               182  (_merge==3)
    -----------------------------------------

. drop if mi(stock2016) & mi(flow2016)
(1 observation deleted)

. drop _m

. compress
  (0 bytes saved)

. save "${tmp}country_flows.dta", replace
(file /shared/share_amit-patrick/globaltradewar/GTW_replication_CHECK/data/tmp/country_flows.dta not
    found)
file /shared/share_amit-patrick/globaltradewar/GTW_replication_CHECK/data/tmp/country_flows.dta saved

. 
. *** Pull GDPPC data from World Bank
. wbopendata, indicator("NY.GDP.PCAP.CD") clear latest iso

    Metadata for indicator NY.GDP.PCAP.CD
------------------------------------------------------------------------------------------------------------
    Name: GDP per capita (current US$)
------------------------------------------------------------------------------------------------------------
    Collection: 2 World Development Indicators
------------------------------------------------------------------------------------------------------------
    Description: GDP per capita is gross domestic product divided by midyear population. GDP is the sum
    of gross value added by all resident producers in the economy plus any product taxes and minus any
    subsidies not included in the value of the products. It is calculated without making deductions for
    depreciation of fabricated assets or for depletion and degradation of natural resources. Data are in
    current U.S. dollars.
------------------------------------------------------------------------------------------------------------
    Note: World Bank national accounts data, and OECD National Accounts data files.
------------------------------------------------------------------------------------------------------------
    Topic(s): 3 Economy and Growth
------------------------------------------------------------------------------------------------------------



. keep countrycode  yr* 

. rename countrycode iso3

. keep yr2016-yr2018 iso3

. egen gdppc = rowmean(yr*)
(8 missing values generated)

. replace gdppc = (yr2016 + yr2017)/2 if yr2018 == .
(0 real changes made)

. drop yr2017 yr2018

. foreach var of varlist yr* {
  2.     local str = substr("`var'", -4, .)
  3.     rename `var' gdppc`str'
  4. }

. label variable gdppc "GDP per capital (current US$) 2016-2018 mean"

. label variable gdppc2016 "GDP per capita (current US$)"

. tempfile 1

. save `1'
file /tmp/7227862.1.debian.q/St03636.000001 saved as .dta format

. 
. * GDP per capita, PPP (current international $)
. wbopendata, indicator("NY.GDP.PCAP.PP.CD") clear latest iso

    Metadata for indicator NY.GDP.PCAP.PP.CD
------------------------------------------------------------------------------------------------------------
    Name: GDP per capita, PPP (current international $)
------------------------------------------------------------------------------------------------------------
    Collection: 2 World Development Indicators
------------------------------------------------------------------------------------------------------------
    Description: This indicator provides per capita values for gross domestic product (GDP) expressed in
    current international dollars converted by purchasing power parity (PPP) conversion factor.
------------------------------------------------------------------------------------------------------------
    Note: .
------------------------------------------------------------------------------------------------------------
    Topic(s):  ; 3 Economy and Growth
------------------------------------------------------------------------------------------------------------



. keep countrycode  yr* 

. rename countrycode iso3

. keep yr2016-yr2018 iso*

. egen gdppc_ppp = rowmean(yr*)
(24 missing values generated)

. replace gdppc_ppp = (yr2016 + yr2017)/2 if yr2018 == .
(0 real changes made)

. drop yr2017 yr2018

. foreach var of varlist yr* {
  2.     local str = substr("`var'", -4, .)
  3.     rename `var' gdppc_ppp`str'
  4. }

. label variable gdppc_ppp "GDP per capita, PPP (current international $) 2016-2018 mean"

. label variable gdppc_ppp2016 "GDP per capita, PPP (current international $)"

. tempfile 2

. save `2'
file /tmp/7227862.1.debian.q/St03636.000002 saved as .dta format

. 
. * GDP, PPP (current international $)
. wbopendata, indicator("NY.GDP.MKTP.PP.CD") clear latest iso

    Metadata for indicator NY.GDP.MKTP.PP.CD
------------------------------------------------------------------------------------------------------------
    Name: GDP, PPP (current international $)
------------------------------------------------------------------------------------------------------------
    Collection: 2 World Development Indicators
------------------------------------------------------------------------------------------------------------
    Description: This indicator provides values for gross domestic product (GDP) expressed in current
    international dollars, converted by purchasing power parity (PPP) conversion factor.
------------------------------------------------------------------------------------------------------------
    Note: .
------------------------------------------------------------------------------------------------------------
    Topic(s):  ; 3 Economy and Growth
------------------------------------------------------------------------------------------------------------



. keep countrycode yr* 

. rename countrycode iso3

. keep yr2016-yr2018 iso*

. egen gdp_ppp = rowmean(yr*)
(24 missing values generated)

. replace gdp_ppp = (yr2016 + yr2017)/2 if yr2018 == .
(0 real changes made)

. drop yr2017 yr2018

. foreach var of varlist yr* {
  2.     local str = substr("`var'", -4, .)
  3.     rename `var' gdp_ppp`str'
  4. }

. label variable gdp_ppp "GDP, PPP (current international $) 2016-2018 mean"

. label variable gdp_ppp2016 "GDP, PPP (current international $)"

. tempfile 3

. save `3'
file /tmp/7227862.1.debian.q/St03636.000003 saved as .dta format

. 
. * GDP (current US$)
. wbopendata, indicator("NY.GDP.MKTP.CD") clear latest iso

    Metadata for indicator NY.GDP.MKTP.CD
------------------------------------------------------------------------------------------------------------
    Name: GDP (current US$)
------------------------------------------------------------------------------------------------------------
    Collection: 2 World Development Indicators
------------------------------------------------------------------------------------------------------------
    Description: GDP at purchaser's prices is the sum of gross value added by all resident producers in
    the economy plus any product taxes and minus any subsidies not included in the value of the
    products. It is calculated without making deductions for depreciation of fabricated assets or for
    depletion and degradation of natural resources. Data are in current U.S. dollars. Dollar figures for
    GDP are converted from domestic currencies using single year official exchange rates. For a few
    countries where the official exchange rate does not reflect the rate effectively applied to actual
    foreign exchange transactions, an alternative conversion factor is used.
------------------------------------------------------------------------------------------------------------
    Note: World Bank national accounts data, and OECD National Accounts data files.
------------------------------------------------------------------------------------------------------------
    Topic(s): 3 Economy and Growth
------------------------------------------------------------------------------------------------------------



. keep countrycode  yr* countryname

. rename countrycode iso3

. keep yr2016-yr2018 iso*

. egen gdp = rowmean(yr*)
(8 missing values generated)

. replace gdp = (yr2016 + yr2017)/2 if yr2018 == .
(0 real changes made)

. drop yr2017 yr2018

. foreach var of varlist yr* {
  2.     local str = substr("`var'", -4, .)
  3.     rename `var' gdp`str'
  4. }

. label variable gdp "GDP (current US$) 2016-2018 mean"

. label variable gdp2016 "GDP (current US$)"

. tempfile 4

. save `4'
file /tmp/7227862.1.debian.q/St03636.000004 saved as .dta format

. 
. *Merge ISO2 codes
. preserve

.         import delimited "$raw/wb_country_groups/iso_codes.csv", varnames(1) clear
(encoding automatically selected: ISO-8859-1)
(9 vars, 293 obs)

.         keep iso3digitalpha iso2* ctycode ctyfullnameenglish

.         rename (iso3digitalpha ctycode ctyfullnameenglish iso2digitalpha) (iso3 cty_code cty_name iso2)

.         drop if iso3 == "NULL"
(30 observations deleted)

.         drop cty_code cty_name

.         duplicates drop iso3, force

Duplicates in terms of iso3

(13 observations deleted)

.         gisid iso3

.         tempfile iso

.         save `iso'
file /tmp/7227862.1.debian.q/St03636.000006 saved as .dta format

. restore

. 
. *Read distances
. u "${raw}distances/country_dist.dta", clear

. keep if iso3_o == "USA"
(59,292 observations deleted)

. keep iso3_d iso3_o dist

. rename iso3_d iso3

. duplicates drop iso3, force

Duplicates in terms of iso3

(1 observation deleted)

. merge 1:1 iso3 using `iso', nogen keep(master match)
(variable iso3 was str3, now str4 to accommodate using data's values)

    Result                      Number of obs
    -----------------------------------------
    Not matched                             9
        from master                         9  
        from using                          0  

    Matched                               234  
    -----------------------------------------

. tempfile dist

. save `dist'
file /tmp/7227862.1.debian.q/St03636.000007 saved as .dta format

. 
. *** Merge all
. use `1', clear

. merge 1:1 iso3 using `2', nogen

    Result                      Number of obs
    -----------------------------------------
    Not matched                             0
    Matched                               266  
    -----------------------------------------

. merge 1:1 iso3 using `3', nogen

    Result                      Number of obs
    -----------------------------------------
    Not matched                             0
    Matched                               266  
    -----------------------------------------

. merge 1:1 iso3 using `4', nogen

    Result                      Number of obs
    -----------------------------------------
    Not matched                             0
    Matched                               266  
    -----------------------------------------

. 
. *Add TWN GDPPC
. count
  266

. local N = r(N)+1

. set obs `N'
Number of observations (_N) was 266, now 267.

. replace iso3 = "TWN" if mi(iso3)
(1 real change made)

. replace gdppc = 250600 if iso3=="TWN" //2017 USD for TWN, statistic from IMF 
(1 real change made)

. 
. 
. *Drop if all vars missing
. drop if mi(gdppc2016) & mi(gdppc) & mi(gdppc_ppp2016) & mi(gdppc_ppp) & mi(gdp_ppp2016) & mi(gdp_ppp) & mi
> (gdp2016) & mi(gdp)
(8 observations deleted)

. 
. *Merge
. merge 1:1 iso3 using `dist', keep(master match) keepusing(dist iso2)
(variable iso3 was str3, now str4 to accommodate using data's values)

    Result                      Number of obs
    -----------------------------------------
    Not matched                            52
        from master                        52  (_merge==1)
        from using                          0  (_merge==2)

    Matched                               207  (_merge==3)
    -----------------------------------------

. sort iso3

. order iso3 gdp gdp_ppp gdppc gdppc_ppp gdp2016 ///
>     gdp_ppp2016 gdppc2016 gdppc_ppp2016

. drop *2016

. 
. *ISO codes
. preserve

.         import delimited "$raw/wb_country_groups/iso_codes.csv", varnames(1) clear
(encoding automatically selected: ISO-8859-1)
(9 vars, 293 obs)

.         drop if endvalidyear<2014
(46 observations deleted)

.         keep iso3digitalpha ctycode ctyfullnameenglish

.         rename (iso3digitalpha ctycode ctyfullnameenglish) (iso3 cty_code cty_name)

.         drop if iso3 == "NULL"
(12 observations deleted)

.         gisid iso3

.         local N = r(N)+1

.         set obs `N'
Number of observations (_N) was 235, now 236.

.         replace iso3 = "TWN" if mi(iso3)                
(1 real change made)

.         save "$tmp/iso_codes", replace
(file /shared/share_amit-patrick/globaltradewar/GTW_replication_CHECK/data/tmp//iso_codes.dta not found)
file /shared/share_amit-patrick/globaltradewar/GTW_replication_CHECK/data/tmp//iso_codes.dta saved

. restore

. preserve

.         keep iso3 gdp*

.         merge 1:1 iso3 using "$tmp/iso_codes", keep(master match) nogen

    Result                      Number of obs
    -----------------------------------------
    Not matched                            54
        from master                        54  
        from using                          0  

    Matched                               205  
    -----------------------------------------

.         drop if gdppc == .
(0 observations deleted)

.         rename iso3 cty_iso3

.         save "$processed/country_gdp", replace
file /shared/share_amit-patrick/globaltradewar/GTW_replication_CHECK/data/processed//country_gdp.dta saved

. restore

. merge 1:1 iso3 using "${tmp}country_flows.dta", keep(master match) gen(m1)

    Result                      Number of obs
    -----------------------------------------
    Not matched                            61
        from master                        61  (m1==1)
        from using                          0  (m1==2)

    Matched                               198  (m1==3)
    -----------------------------------------

. 
. *Save
. compress 
  variable iso3 was str4 now str3
  variable iso2 was str4 now str2
  variable cty_name was str38 now str32
  variable Ucty_name was str37 now str32
  (3,626 bytes saved)

. save "$processed/country_gdp_dist.dta", replace
file /shared/share_amit-patrick/globaltradewar/GTW_replication_CHECK/data/processed//country_gdp_dist.dta
    saved

. 
end of do-file

.         do "$code/chars.do"                                     // Merge into one file

. /**************************************************************************************
> The US-China Trade War and Global Reallocations
> Fajgelbaum, Goldberg, Kennedy, Khandelwal, and Taglioni
> July 2023
> * File of country characteristics
> **************************************************************************************/
. 
. clear

. 
. *Set directories
. do "$code/00_directories.do"

. /**************************************************
> The US-China Trade War and Global Reallocations
> Fajgelbaum, Goldberg, Kennedy, Khandelwal, and Taglioni
> July 2023
> *** Set directories
> **************************************************/
. 
. // Set root directory
. global db               "/shared/share_amit-patrick/globaltradewar/GTW_replication_CHECK/" // replace this
>  line with your root directory

. 
. // All other paths set automatically
. global code             "${db}code/"

. global logs             "${db}code/logs/"

. global raw              "${db}data/raw/"

. global tmp              "${db}data/tmp/"

. global processed        "${db}data/processed/" 

. global results          "${db}results/" 

. 
. // Set scheme
. cap net install scheme-modern, from("https://raw.githubusercontent.com/mdroste/stata-scheme-modern/master/
> ")

. set scheme modern, perm
(set scheme preference recorded)

. 
. 
end of do-file

. 
. *Log file
. cap log close
