------------------------------------------------------------------------------------------------------------
      name:  <unnamed>
       log:  /shared/share_amit-patrick/globaltradewar/GTW_replication_CHECK/code/logs//z_usch.log
  log type:  text
 opened on:  18 Oct 2023, 18:49:01

. 
. *Read Census trade flows and tariffs
. use * if cty_name=="CHINA" & year>=2015 using "$raw/census_trade/m_flow_hs10_fm",clear

. 
. *Merge with pre-war trade weights
. merge m:1 cty_code hs10 using "$processed/china_weight_hs6", nogen keep(match)  

    Result                      Number of obs
    -----------------------------------------
    Not matched                             0
    Matched                           639,048  
    -----------------------------------------

. 
. *Weight 
. g w = m_cty_weight
(230 missing values generated)

. 
. *Fill the panel
. tsset id mdate

Panel variable: id (unbalanced)
 Time variable: mdate, 2015m1 to 2019m12, but with gaps
         Delta: 1 month

. fillin id mdate

. 
. *Carryforward
. rename tmp* *

. gsort id -cty_code

. by id: carryforward cty* hs* m_effective_mdate4 m_T, replace
cty_code:  (360,912 real changes made)
cty_name:  (360,912 real changes made)
cty_iso3:  (360,912 real changes made)
hs10:  (360,912 real changes made)
hs8:  (360,912 real changes made)
hs6:  (360,912 real changes made)
hs4:  (360,912 real changes made)
hs2:  (360,912 real changes made)
m_effective_mdate4:  (298,072 real changes made)
m_T:  (360,912 real changes made)

. gsort id mdate

. by id: carryforward m_stattariff4 m_increase,  replace
m_stattariff4:  (282,400 real changes made)
m_increase:  (282,400 real changes made)

. gsort id-mdate

. by id: carryforward m_stattariff4,  replace
m_stattariff4:  (78,512 real changes made)

. gsort id -w

. by id: carryforward w, replace  
w:  (353,942 real changes made)

. gsort id mdate

. 
. *Fixes
. replace m_stattariff4 = m_stattariff4 + .25 if m_effective_mdate4==tm(2018m10) & m_increase==0 & mdate>=tm
> (2019m5) & cty_code==5700
(8,549 real changes made)

. replace m_increase = .25 if m_effective_mdate4==tm(2018m10) & m_increase==0 & mdate>=tm(2019m5) & cty_code
> ==5700
(8,549 real changes made)

. 
. replace m_stattariff4 = m_stattariff4 + .02 if m_effective_mdate4==tm(2018m10) & m_increase==0 & mdate==tm
> (2018m9) & cty_code==5700
(2,597 real changes made)

. replace m_increase = .02 if m_effective_mdate4==tm(2018m10) & m_increase==0 & mdate==tm(2018m9) & cty_code
> ==5700
(2,597 real changes made)

. 
. replace m_stattariff4 = m_stattariff4 + .10 if m_effective_mdate4==tm(2018m10) & m_increase==0 & mdate>=tm
> (2018m10) & cty_code==5700
(11,004 real changes made)

. replace m_increase = .10 if m_effective_mdate4==tm(2018m10) & m_increase==0 & mdate>=tm(2018m10) & cty_cod
> e==5700
(11,004 real changes made)

. 
. replace m_stattariff4 = m_stattariff4 + .15 if m_effective_mdate4==tm(2019m9) & m_increase==0 & mdate>=tm(
> 2019m9) & cty_code==5700
(3,052 real changes made)

. replace m_increase = .15 if m_effective_mdate4==tm(2019m9) & m_increase==0 & mdate>=tm(2019m9) & cty_code=
> =5700                 
(3,052 real changes made)

. 
. *Tariff variables
. g z = m_increase 
(78,512 missing values generated)

. replace z = 0 if mdate<m_effective_mdate4 - 1
(78,181 real changes made)

. g m_tariff = m_stattariff4

. 
. *Check that weights sum to 1
. replace w = 0 if mi(w)
(7,200 real changes made)

. gegen check = sum(w), by(hs6 mdate)

. qui sum check if check>0

. assert inrange(r(mean),0.999,1.001)

. drop check

. 
. *Variables for weighted/un-weighted tariffs
. rename m_tariff m_tariff_weighted                                       // these tariffs will be weighted 
> in the collapse 

. rename m_increase m_increase_weighted

. 
. gegen m_tariff = mean(m_tariff_weighted), by(hs6 mdate)                 // these tariffs will be unweighte
> d in the collapse

. gegen m_increase = mean(m_increase_weighted), by(hs6 mdate)     

. gegen m_tariff_max = max(m_tariff_weighted), by(hs6 mdate)              // these tariffs will be unweighte
> d in the collapse and unscaled

. 
. * unscaled tariffs
. g z_usch_unscaled = m_tariff

. g dz_usch_unscaled = m_increase
(21,719 missing values generated)

. 
. *Collapse to product-level
. gcollapse (mean) m_tariff m_tariff_weighted m_increase m_increase_weighted ///
>           (max) m_T_prod=m_T m_increase_max=z m_tariff_max (min) m_effective_mdate4 [aw=w], by(hs6 mdate)

. 
. *Labels
. label var m_tariff              "Tariff, unweighted average"

. label var m_tariff_weighted     "Tariff, pre-war weighted average"      

. label var m_increase_max        "Max tariff increase"

. label var m_increase            "Tariff increase, unweighted average"

. label var m_increase_weighted   "Tariff increase, pre-war weighted average"

. label var m_T_prod              "Product is targeted by US import tariffs"

. 
. *Check
. drop if mi(hs6,mdate)
(0 observations deleted)

. gsort hs6 mdate 

. gisid hs6 mdate

. 
. * collapse to 2yr periods
. g date = dofm(mdate)

. g year = year(date)

. drop date

. g t = -1 if inrange(year,2014,2015)
(233,184 missing values generated)

. replace t = 0 if inrange(year,2016,2017)
(116,592 real changes made)

. replace t = 1 if inrange(year,2018,2019)
(116,592 real changes made)

. gcollapse (mean) z_usch=m_tariff z_usch_max=m_tariff_max z_usch_w=m_tariff_weighted ///
>                  dz_usch=m_increase dz_usch_w=m_increase_weighted  ///
>           (max)  dz_usch_max=m_increase_max, by(hs6 t) 

.           
. *make hs6 consistent over time to HS12  
. preserve

.         import excel "$raw/crosswalk/Crosswalk_consistent_HS6/CompleteCorrelationsOfHS-SITC-BEC_20170606.x
> lsx", clear firstrow
(11 vars, 51,841 obs)

.         keep HS*

.         compress
  (0 bytes saved)

.         drop if HS12 == "NULL"
(1 observation deleted)

.         keep HS17 HS12

.         destring HS*, replace
HS12: all characters numeric; replaced as long
HS17: all characters numeric; replaced as long

.         rename HS17 hs6

.         duplicates drop hs6 HS12, force

Duplicates in terms of hs6 HS12

(45,699 observations deleted)

.         tempfile x

.         save `x', replace
(file /tmp/7227862.1.debian.q/St03636.000002 not found)
file /tmp/7227862.1.debian.q/St03636.000002 saved as .dta format

. restore

. joinby hs6 using `x', _merge(m1) unmatched(master)

. replace hs6 = HS12 if m1 == 3
(2,577 real changes made)

. 
. *Collapse 
. gcollapse (mean) z_usch z_usch_w dz_usch dz_usch_w (max) z_usch_max dz_usch_max, by(hs6 t)

. 
. *Carry forward tariff levels
. gsort hs6 t

. tsset hs6 t

Panel variable: hs6 (strongly balanced)
 Time variable: t, -1 to 1
         Delta: 1 unit

. by hs6: carryforward z_*, replace
z_usch:  (0 real changes made)
z_usch_w:  (0 real changes made)
z_usch_max:  (0 real changes made)

. 
. *No tariff changes in the pre-period
. foreach v of varlist dz* {
  2.         replace `v' = 0 if t<1
  3. }
(256 real changes made)
(256 real changes made)
(0 real changes made)

. 
. *Ensure levels match changes
. foreach v of varlist z* {
  2.         replace `v' = l.`v' if t>=0
  3.         replace `v' = l.`v' + d`v' if t>=0 
  4. }
(6,835 real changes made)
(4,414 real changes made)
(6,835 real changes made)
(4,411 real changes made)
(6,491 real changes made)
(4,411 real changes made)

. 
. *Log of tariffs 
. g lz_usch = log(1+z_usch)

. g lz_usch_w = log(1+z_usch)

. g dlz_usch = d.lz_usch
(4,726 missing values generated)

. g dlz_usch_w = d.lz_usch_w
(4,726 missing values generated)

. 
. *Missings
. mvencode dlz*, mv(0) override
    dlz_usch: 4726 missing values recoded
  dlz_usch_w: 4726 missing values recoded

. 
. *Keep vars
. keep hs6 t dlz* z* dz*

. 
. *Save 
. compress
  variable t was float now byte
  (42,534 bytes saved)

. save "$processed/z_usch_w", replace
file /shared/share_amit-patrick/globaltradewar/GTW_replication_CHECK/data/processed//z_usch_w.dta saved

. 
. 
. 
. 
end of do-file

.         do "$code/z_chus.do"                                    // China tariffs on the US

. /**************************************************************************************
> The US-China Trade War and Global Reallocations
> Fajgelbaum, Goldberg, Kennedy, Khandelwal, and Taglioni
> July 2023
> * China tariffs on the US
> **************************************************************************************/
. 
. clear all 

. 
. *Set directories
. do "$code/00_directories.do"

. /**************************************************
> The US-China Trade War and Global Reallocations
> Fajgelbaum, Goldberg, Kennedy, Khandelwal, and Taglioni
> July 2023
> *** Set directories
> **************************************************/
. 
. // Set root directory
. global db               "/shared/share_amit-patrick/globaltradewar/GTW_replication_CHECK/" // replace this
>  line with your root directory

. 
. // All other paths set automatically
. global code             "${db}code/"

. global logs             "${db}code/logs/"

. global raw              "${db}data/raw/"

. global tmp              "${db}data/tmp/"

. global processed        "${db}data/processed/" 

. global results          "${db}results/" 

. 
. // Set scheme
. cap net install scheme-modern, from("https://raw.githubusercontent.com/mdroste/stata-scheme-modern/master/
> ")

. set scheme modern, perm
(set scheme preference recorded)

. 
. 
end of do-file

. 
. *Log
. cap log close
